<?xml version="1.0" encoding="utf-8"?>
<TestRun id="2eea61c8-f63f-4c60-be31-892854202e44" name="@Juans-MacBook-Pro 2026-09-12 06:23:25" xmlns="http://microsoft.com/schemas/VisualStudio/TeamTest/2010">
  <Times creation="2026-09-12T06:23:25.3282340-04:00" queuing="2026-09-12T06:23:25.3282350-04:00" start="2026-09-12T06:23:23.6358580-04:00" finish="2026-09-12T06:24:24.1503760-04:00" />
  <TestSettings name="default" id="97d08727-c6cb-4d99-917e-e82529ff43a4">
    <Deployment runDeploymentRoot="_Juans-MacBook-Pro_2026-09-12_06_23_25" />
  </TestSettings>
  <Results>
    <UnitTestResult executionId="4aa31cec-8a81-4fb9-8757-e726df99d446" testId="79a499ec-5ca6-edc6-fa69-9158c8138eca" testName="Calor.Compiler.Tests.Calor0425CorpusLedgerTests.Gate9_ExcludedParseFailedLeg_PinsTheRegistrationValueUntilW3a" computerName="Juans-MacBook-Pro" duration="00:00:00.0004539" startTime="2026-09-12T06:24:00.9454760-04:00" endTime="2026-09-12T06:24:00.9454770-04:00" testType="13cdc9d9-ddb5-4fa4-a97d-d965ccfc6d4b" outcome="Passed" testListId="8c84fa94-04c1-424b-9868-57a2d4851a1d" relativeResultsDirectory="4aa31cec-8a81-4fb9-8757-e726df99d446" />
    <UnitTestResult executionId="51120140-3103-4315-bb75-90ccce324e83" testId="cbc09071-4e44-0129-2814-48e65a859944" testName="Calor.Compiler.Tests.BinderIncompleteRatchetTests.ExpressionInterop_IsOpaqueAndSurvivesSerialization" computerName="Juans-MacBook-Pro" duration="00:00:00.0019846" startTime="2026-09-12T06:24:00.5882400-04:00" endTime="2026-09-12T06:24:00.5882400-04:00" testType="13cdc9d9-ddb5-4fa4-a97d-d965ccfc6d4b" outcome="Passed" testListId="8c84fa94-04c1-424b-9868-57a2d4851a1d" relativeResultsDirectory="51120140-3103-4315-bb75-90ccce324e83" />
    <UnitTestResult executionId="ee625c4a-649b-44b6-af60-0ac82fc609f2" testId="e9dec671-1754-7b79-32db-2b02dc521b30" testName="Calor.Compiler.Tests.Calor0425CorpusLedgerTests.R1_NamesTheLargestBindingCluster_AndTheFrozenRuleSizesR2" computerName="Juans-MacBook-Pro" duration="00:00:00.0008192" startTime="2026-09-12T06:24:00.9479430-04:00" endTime="2026-09-12T06:24:00.9479430-04:00" testType="13cdc9d9-ddb5-4fa4-a97d-d965ccfc6d4b" outcome="Passed" testListId="8c84fa94-04c1-424b-9868-57a2d4851a1d" relativeResultsDirectory="ee625c4a-649b-44b6-af60-0ac82fc609f2" />
    <UnitTestResult executionId="d70d3f5e-3ca6-496a-8c81-07a13d3ef393" testId="4511c919-7086-6df0-4876-7b710488f291" testName="Calor.Compiler.Tests.BinderIncompleteRatchetTests.NativeMeasurementControls_RejectInteropAndEmitterFallback(body: &quot;return gate ? Check() : false;&quot;)" computerName="Juans-MacBook-Pro" duration="00:00:00.0034725" startTime="2026-09-12T06:24:00.2552350-04:00" endTime="2026-09-12T06:24:00.2552350-04:00" testType="13cdc9d9-ddb5-4fa4-a97d-d965ccfc6d4b" outcome="Passed" testListId="8c84fa94-04c1-424b-9868-57a2d4851a1d" relativeResultsDirectory="d70d3f5e-3ca6-496a-8c81-07a13d3ef393" />
    <UnitTestResult executionId="c1017e7c-c81d-4384-b840-ab791c6e4c53" testId="e7f9d35d-d1d3-e721-c9f1-961170089c60" testName="Calor.Compiler.Tests.Calor0425CorpusLedgerTests.Gate13_BindFailureCauses_SumToExcludedBindFailed" computerName="Juans-MacBook-Pro" duration="00:00:00.0068390" startTime="2026-09-12T06:24:00.9445600-04:00" endTime="2026-09-12T06:24:00.9445600-04:00" testType="13cdc9d9-ddb5-4fa4-a97d-d965ccfc6d4b" outcome="Passed" testListId="8c84fa94-04c1-424b-9868-57a2d4851a1d" relativeResultsDirectory="c1017e7c-c81d-4384-b840-ab791c6e4c53" />
    <UnitTestResult executionId="51890389-071a-4bd4-8556-aed3137aa0bc" testId="2966ba38-1385-0704-be03-a2422ff5134d" testName="Calor.Compiler.Tests.BinderIncompleteRatchetTests.ConversionLeg_IncompleteCount_MatchesBaseline" computerName="Juans-MacBook-Pro" duration="00:00:35.6887933" startTime="2026-09-12T06:24:00.2434580-04:00" endTime="2026-09-12T06:24:00.2434580-04:00" testType="13cdc9d9-ddb5-4fa4-a97d-d965ccfc6d4b" outcome="Passed" testListId="8c84fa94-04c1-424b-9868-57a2d4851a1d" relativeResultsDirectory="51890389-071a-4bd4-8556-aed3137aa0bc" />
    <UnitTestResult executionId="72e70369-fb67-41c3-8513-402251353e51" testId="abbaaeb4-b55e-fb5e-8652-f333119e84c5" testName="Calor.Compiler.Tests.Calor0425CorpusLedgerTests.Calor0425CorpusLedgerMatchesRecomputation" computerName="Juans-MacBook-Pro" duration="00:00:23.1619158" startTime="2026-09-12T06:24:24.1108760-04:00" endTime="2026-09-12T06:24:24.1108760-04:00" testType="13cdc9d9-ddb5-4fa4-a97d-d965ccfc6d4b" outcome="Passed" testListId="8c84fa94-04c1-424b-9868-57a2d4851a1d" relativeResultsDirectory="72e70369-fb67-41c3-8513-402251353e51" />
    <UnitTestResult executionId="64ccc980-2863-4107-8c7d-1ba9d5b66236" testId="705a277e-1c4d-caa1-776e-e5561a5fbed2" testName="Calor.Compiler.Tests.LedgerCommitStampTests.EveryIndexEntryStillMatchesItsLedgersOwnStamp" computerName="Juans-MacBook-Pro" duration="00:00:00.0084905" startTime="2026-09-12T06:23:24.2674620-04:00" endTime="2026-09-12T06:23:24.2674680-04:00" testType="13cdc9d9-ddb5-4fa4-a97d-d965ccfc6d4b" outcome="Passed" testListId="8c84fa94-04c1-424b-9868-57a2d4851a1d" relativeResultsDirectory="64ccc980-2863-4107-8c7d-1ba9d5b66236" />
    <UnitTestResult executionId="7e2e908b-84a3-40f7-b9d1-c3290a191a07" testId="44e2aacd-ef38-e279-d17e-72620e93c3dd" testName="Calor.Compiler.Tests.BinderIncompleteRatchetTests.SourceIdentityGuard_DetectsEqualCountSwapsAndNativeToOpaque" computerName="Juans-MacBook-Pro" duration="00:00:00.0023720" startTime="2026-09-12T06:24:00.5906300-04:00" endTime="2026-09-12T06:24:00.5906300-04:00" testType="13cdc9d9-ddb5-4fa4-a97d-d965ccfc6d4b" outcome="Passed" testListId="8c84fa94-04c1-424b-9868-57a2d4851a1d" relativeResultsDirectory="7e2e908b-84a3-40f7-b9d1-c3290a191a07" />
    <UnitTestResult executionId="8319abf7-84af-4557-8da6-13f5f43cd12b" testId="23859193-82f2-5a3f-b8d2-2b8f769eefd9" testName="Calor.Compiler.Tests.Calor0425CorpusLedgerTests.Gate9_ModulesEnforcedFloor_Holds" computerName="Juans-MacBook-Pro" duration="00:00:00.0003774" startTime="2026-09-12T06:24:24.1112840-04:00" endTime="2026-09-12T06:24:24.1112840-04:00" testType="13cdc9d9-ddb5-4fa4-a97d-d965ccfc6d4b" outcome="Passed" testListId="8c84fa94-04c1-424b-9868-57a2d4851a1d" relativeResultsDirectory="8319abf7-84af-4557-8da6-13f5f43cd12b" />
    <UnitTestResult executionId="94b7ac10-4a4d-4f8d-bad3-1709c1034b91" testId="9c1494d1-3d85-5f18-9474-ddc103fc2c76" testName="Calor.Compiler.Tests.Calor0425CorpusLedgerTests.K1_IsSequencedAfterW3c_RecursionPinExists" computerName="Juans-MacBook-Pro" duration="00:00:00.0001168" startTime="2026-09-12T06:24:00.6208280-04:00" endTime="2026-09-12T06:24:00.6208280-04:00" testType="13cdc9d9-ddb5-4fa4-a97d-d965ccfc6d4b" outcome="Passed" testListId="8c84fa94-04c1-424b-9868-57a2d4851a1d" relativeResultsDirectory="94b7ac10-4a4d-4f8d-bad3-1709c1034b91" />
    <UnitTestResult executionId="1fd71042-4748-415b-9f00-ff2abd9f09db" testId="8dbe9fbc-6976-c516-6d77-befea440fb55" testName="Calor.Compiler.Tests.BinderIncompleteRatchetTests.NativeMeasurementControls_RejectInteropAndEmitterFallback(body: &quot;return gate || Check();&quot;)" computerName="Juans-MacBook-Pro" duration="00:00:00.0037205" startTime="2026-09-12T06:24:00.2517230-04:00" endTime="2026-09-12T06:24:00.2517230-04:00" testType="13cdc9d9-ddb5-4fa4-a97d-d965ccfc6d4b" outcome="Passed" testListId="8c84fa94-04c1-424b-9868-57a2d4851a1d" relativeResultsDirectory="1fd71042-4748-415b-9f00-ff2abd9f09db" />
    <UnitTestResult executionId="94e56b8e-debd-4a78-a876-78933cd216f7" testId="61ce0e95-e7ca-6116-2544-71853c07dda7" testName="Calor.Compiler.Tests.Calor0425CorpusLedgerTests.Gate9_BothBindRules_AreRecorded_AndTheProductionOneIsWider" computerName="Juans-MacBook-Pro" duration="00:00:00.0002633" startTime="2026-09-12T06:24:00.9466520-04:00" endTime="2026-09-12T06:24:00.9466520-04:00" testType="13cdc9d9-ddb5-4fa4-a97d-d965ccfc6d4b" outcome="Passed" testListId="8c84fa94-04c1-424b-9868-57a2d4851a1d" relativeResultsDirectory="94e56b8e-debd-4a78-a876-78933cd216f7" />
    <UnitTestResult executionId="869010f7-d79d-4bb1-afbd-2e557a1d2013" testId="d528d95c-8186-8b08-705d-ee27b548cbde" testName="Calor.Compiler.Tests.Calor0425CorpusLedgerTests.K1_BothLedgers_NameTheirOwnBindRule" computerName="Juans-MacBook-Pro" duration="00:00:00.0004004" startTime="2026-09-12T06:24:00.9449820-04:00" endTime="2026-09-12T06:24:00.9449820-04:00" testType="13cdc9d9-ddb5-4fa4-a97d-d965ccfc6d4b" outcome="Passed" testListId="8c84fa94-04c1-424b-9868-57a2d4851a1d" relativeResultsDirectory="869010f7-d79d-4bb1-afbd-2e557a1d2013" />
    <UnitTestResult executionId="0de1cd40-fa27-4c77-a162-9fed69309d5e" testId="cfbc1e60-de67-b48c-467b-8f3e9dbcbb8b" testName="Calor.Compiler.Tests.BinderIncompleteRatchetTests.NativeMeasurementControls_RejectInteropAndEmitterFallback(body: &quot;return gate &amp;&amp; Check();&quot;)" computerName="Juans-MacBook-Pro" duration="00:00:00.0045369" startTime="2026-09-12T06:24:00.2479620-04:00" endTime="2026-09-12T06:24:00.2479620-04:00" testType="13cdc9d9-ddb5-4fa4-a97d-d965ccfc6d4b" outcome="Passed" testListId="8c84fa94-04c1-424b-9868-57a2d4851a1d" relativeResultsDirectory="0de1cd40-fa27-4c77-a162-9fed69309d5e" />
    <UnitTestResult executionId="d54d97fe-c2b1-42c3-9fc2-a58591497a9b" testId="8effc83c-a694-d147-0907-08cde14a846b" testName="Calor.Compiler.Tests.LedgerCommitStampTests.EveryIndexedCommitResolvesAndIsReachableFromThisBranch" computerName="Juans-MacBook-Pro" duration="00:00:00.2599829" startTime="2026-09-12T06:23:24.5525130-04:00" endTime="2026-09-12T06:23:24.5525130-04:00" testType="13cdc9d9-ddb5-4fa4-a97d-d965ccfc6d4b" outcome="Passed" testListId="8c84fa94-04c1-424b-9868-57a2d4851a1d" relativeResultsDirectory="d54d97fe-c2b1-42c3-9fc2-a58591497a9b" />
    <UnitTestResult executionId="9a5ebc9e-c62f-4ca3-967c-51a9070602a7" testId="da74ab75-2a31-5278-7b89-457d2de35937" testName="Calor.Compiler.Tests.BinderIncompleteRatchetTests.InRepoCorpus_IncompleteCount_DoesNotExceedBaseline" computerName="Juans-MacBook-Pro" duration="00:00:00.3309114" startTime="2026-09-12T06:24:00.5862220-04:00" endTime="2026-09-12T06:24:00.5862220-04:00" testType="13cdc9d9-ddb5-4fa4-a97d-d965ccfc6d4b" outcome="Passed" testListId="8c84fa94-04c1-424b-9868-57a2d4851a1d" relativeResultsDirectory="9a5ebc9e-c62f-4ca3-967c-51a9070602a7" />
    <UnitTestResult executionId="a94608ae-0752-4a61-9cd8-022cc335e6c1" testId="5b84653d-39fe-c613-c408-0b5313f15809" testName="Calor.Compiler.Tests.LedgerCommitStampTests.EveryLedgerThatStampsAMeasurementIsIndexed" computerName="Juans-MacBook-Pro" duration="00:00:00.0247502" startTime="2026-09-12T06:23:24.2920400-04:00" endTime="2026-09-12T06:23:24.2920400-04:00" testType="13cdc9d9-ddb5-4fa4-a97d-d965ccfc6d4b" outcome="Passed" testListId="8c84fa94-04c1-424b-9868-57a2d4851a1d" relativeResultsDirectory="a94608ae-0752-4a61-9cd8-022cc335e6c1" />
    <UnitTestResult executionId="328ce0f6-2251-43f5-a701-ba3e35f19046" testId="d6eb0fba-101d-63de-7955-72aaa813f5b4" testName="Calor.Compiler.Tests.Calor0425CorpusLedgerTests.K1_CrossCheckInvariant_NoProjectLocalManifestBesideAnyMeasuredModule" computerName="Juans-MacBook-Pro" duration="00:00:00.3096731" startTime="2026-09-12T06:24:00.9305780-04:00" endTime="2026-09-12T06:24:00.9305780-04:00" testType="13cdc9d9-ddb5-4fa4-a97d-d965ccfc6d4b" outcome="Passed" testListId="8c84fa94-04c1-424b-9868-57a2d4851a1d" relativeResultsDirectory="328ce0f6-2251-43f5-a701-ba3e35f19046" />
    <UnitTestResult executionId="1cb79be1-fb4b-43e4-83b3-a28fc3b58b14" testId="4e459a34-7a6f-e010-21fd-b19f25c7228d" testName="Calor.Compiler.Tests.Calor0425CorpusLedgerTests.SubjectVolumeEquality_CoversEveryMember" computerName="Juans-MacBook-Pro" duration="00:00:00.0000455" startTime="2026-09-12T06:24:24.1113410-04:00" endTime="2026-09-12T06:24:24.1113410-04:00" testType="13cdc9d9-ddb5-4fa4-a97d-d965ccfc6d4b" outcome="Passed" testListId="8c84fa94-04c1-424b-9868-57a2d4851a1d" relativeResultsDirectory="1cb79be1-fb4b-43e4-83b3-a28fc3b58b14" />
    <UnitTestResult executionId="a0068f03-9ac3-4520-bfb4-738ad5f03fef" testId="97555dc3-e9c0-2fde-41e8-a0ae239fc659" testName="Calor.Compiler.Tests.Calor0425CorpusLedgerTests.R1_Calor0411_IsCountedOverTheEnforcedSet" computerName="Juans-MacBook-Pro" duration="00:00:00.0002673" startTime="2026-09-12T06:24:00.9482240-04:00" endTime="2026-09-12T06:24:00.9482240-04:00" testType="13cdc9d9-ddb5-4fa4-a97d-d965ccfc6d4b" outcome="Passed" testListId="8c84fa94-04c1-424b-9868-57a2d4851a1d" relativeResultsDirectory="a0068f03-9ac3-4520-bfb4-738ad5f03fef" />
    <UnitTestResult executionId="6711256f-05e1-4e85-ab1a-185c4291a417" testId="88ba4fdc-599e-f936-9e7d-a7dfd822d5cd" testName="Calor.Compiler.Tests.Calor0425CorpusLedgerTests.K1_ManifestRule_TheLedgerReadsBuiltInManifestsOnly" computerName="Juans-MacBook-Pro" duration="00:00:00.0070660" startTime="2026-09-12T06:24:00.9376780-04:00" endTime="2026-09-12T06:24:00.9376780-04:00" testType="13cdc9d9-ddb5-4fa4-a97d-d965ccfc6d4b" outcome="Passed" testListId="8c84fa94-04c1-424b-9868-57a2d4851a1d" relativeResultsDirectory="6711256f-05e1-4e85-ab1a-185c4291a417" />
    <UnitTestResult executionId="647d9aa2-ba30-45e6-854b-ba1f63ec09e5" testId="ccecf6ed-303f-ce00-d0b3-f5d76ee12e5b" testName="Calor.Compiler.Tests.Calor0425CorpusLedgerTests.Gate9_FloorRule_IsRegisteredInTheCommittedLedger" computerName="Juans-MacBook-Pro" duration="00:00:00.0004463" startTime="2026-09-12T06:24:00.9471180-04:00" endTime="2026-09-12T06:24:00.9471180-04:00" testType="13cdc9d9-ddb5-4fa4-a97d-d965ccfc6d4b" outcome="Passed" testListId="8c84fa94-04c1-424b-9868-57a2d4851a1d" relativeResultsDirectory="647d9aa2-ba30-45e6-854b-ba1f63ec09e5" />
    <UnitTestResult executionId="50467c8b-b3af-4342-8317-72c58a52ce9c" testId="f743b7fe-5581-7df0-b5f2-b4532ab2b08c" testName="Calor.Compiler.Tests.BinderIncompleteRatchetTests.SelectedBranchMode_UsesRoslynBooleanConditions" computerName="Juans-MacBook-Pro" duration="00:00:00.0297212" startTime="2026-09-12T06:24:00.6204590-04:00" endTime="2026-09-12T06:24:00.6204590-04:00" testType="13cdc9d9-ddb5-4fa4-a97d-d965ccfc6d4b" outcome="Passed" testListId="8c84fa94-04c1-424b-9868-57a2d4851a1d" relativeResultsDirectory="50467c8b-b3af-4342-8317-72c58a52ce9c" />
    <UnitTestResult executionId="59c0834f-059d-437f-a477-9121677ec4de" testId="5e43d2d7-bad3-98e9-5c5c-5e257e1ed739" testName="Calor.Compiler.Tests.Calor0425CorpusLedgerTests.Gate9_CliCrossCheck_AgreesWithTheInProcessMeasurement" computerName="Juans-MacBook-Pro" duration="00:00:00.0008819" startTime="2026-09-12T06:24:00.9463750-04:00" endTime="2026-09-12T06:24:00.9463750-04:00" testType="13cdc9d9-ddb5-4fa4-a97d-d965ccfc6d4b" outcome="Passed" testListId="8c84fa94-04c1-424b-9868-57a2d4851a1d" relativeResultsDirectory="59c0834f-059d-437f-a477-9121677ec4de" />
  </Results>
  <TestDefinitions>
    <UnitTest name="Calor.Compiler.Tests.Calor0425CorpusLedgerTests.Gate9_BothBindRules_AreRecorded_AndTheProductionOneIsWider" storage="/users/juanrivera/.copilot/session-state/cea41f9d-a634-40dd-ad65-279680749d85/files/worktrees/native-string-1383/tests/calor.compiler.tests/bin/debug/net10.0/calor.compiler.tests.dll" id="61ce0e95-e7ca-6116-2544-71853c07dda7">
      <Execution id="94e56b8e-debd-4a78-a876-78933cd216f7" />
      <TestMethod codeBase="/Users/juanrivera/.copilot/session-state/cea41f9d-a634-40dd-ad65-279680749d85/files/worktrees/native-string-1383/tests/Calor.Compiler.Tests/bin/Debug/net10.0/Calor.Compiler.Tests.dll" adapterTypeName="executor://xunit/VsTestRunner2/netcoreapp" className="Calor.Compiler.Tests.Calor0425CorpusLedgerTests" name="Gate9_BothBindRules_AreRecorded_AndTheProductionOneIsWider" />
    </UnitTest>
    <UnitTest name="Calor.Compiler.Tests.Calor0425CorpusLedgerTests.K1_CrossCheckInvariant_NoProjectLocalManifestBesideAnyMeasuredModule" storage="/users/juanrivera/.copilot/session-state/cea41f9d-a634-40dd-ad65-279680749d85/files/worktrees/native-string-1383/tests/calor.compiler.tests/bin/debug/net10.0/calor.compiler.tests.dll" id="d6eb0fba-101d-63de-7955-72aaa813f5b4">
      <Execution id="328ce0f6-2251-43f5-a701-ba3e35f19046" />
      <TestMethod codeBase="/Users/juanrivera/.copilot/session-state/cea41f9d-a634-40dd-ad65-279680749d85/files/worktrees/native-string-1383/tests/Calor.Compiler.Tests/bin/Debug/net10.0/Calor.Compiler.Tests.dll" adapterTypeName="executor://xunit/VsTestRunner2/netcoreapp" className="Calor.Compiler.Tests.Calor0425CorpusLedgerTests" name="K1_CrossCheckInvariant_NoProjectLocalManifestBesideAnyMeasuredModule" />
    </UnitTest>
    <UnitTest name="Calor.Compiler.Tests.Calor0425CorpusLedgerTests.Gate9_FloorRule_IsRegisteredInTheCommittedLedger" storage="/users/juanrivera/.copilot/session-state/cea41f9d-a634-40dd-ad65-279680749d85/files/worktrees/native-string-1383/tests/calor.compiler.tests/bin/debug/net10.0/calor.compiler.tests.dll" id="ccecf6ed-303f-ce00-d0b3-f5d76ee12e5b">
      <Execution id="647d9aa2-ba30-45e6-854b-ba1f63ec09e5" />
      <TestMethod codeBase="/Users/juanrivera/.copilot/session-state/cea41f9d-a634-40dd-ad65-279680749d85/files/worktrees/native-string-1383/tests/Calor.Compiler.Tests/bin/Debug/net10.0/Calor.Compiler.Tests.dll" adapterTypeName="executor://xunit/VsTestRunner2/netcoreapp" className="Calor.Compiler.Tests.Calor0425CorpusLedgerTests" name="Gate9_FloorRule_IsRegisteredInTheCommittedLedger" />
    </UnitTest>
    <UnitTest name="Calor.Compiler.Tests.BinderIncompleteRatchetTests.ConversionLeg_IncompleteCount_MatchesBaseline" storage="/users/juanrivera/.copilot/session-state/cea41f9d-a634-40dd-ad65-279680749d85/files/worktrees/native-string-1383/tests/calor.compiler.tests/bin/debug/net10.0/calor.compiler.tests.dll" id="2966ba38-1385-0704-be03-a2422ff5134d">
      <Execution id="51890389-071a-4bd4-8556-aed3137aa0bc" />
      <TestMethod codeBase="/Users/juanrivera/.copilot/session-state/cea41f9d-a634-40dd-ad65-279680749d85/files/worktrees/native-string-1383/tests/Calor.Compiler.Tests/bin/Debug/net10.0/Calor.Compiler.Tests.dll" adapterTypeName="executor://xunit/VsTestRunner2/netcoreapp" className="Calor.Compiler.Tests.BinderIncompleteRatchetTests" name="ConversionLeg_IncompleteCount_MatchesBaseline" />
    </UnitTest>
    <UnitTest name="Calor.Compiler.Tests.BinderIncompleteRatchetTests.SelectedBranchMode_UsesRoslynBooleanConditions" storage="/users/juanrivera/.copilot/session-state/cea41f9d-a634-40dd-ad65-279680749d85/files/worktrees/native-string-1383/tests/calor.compiler.tests/bin/debug/net10.0/calor.compiler.tests.dll" id="f743b7fe-5581-7df0-b5f2-b4532ab2b08c">
      <Execution id="50467c8b-b3af-4342-8317-72c58a52ce9c" />
      <TestMethod codeBase="/Users/juanrivera/.copilot/session-state/cea41f9d-a634-40dd-ad65-279680749d85/files/worktrees/native-string-1383/tests/Calor.Compiler.Tests/bin/Debug/net10.0/Calor.Compiler.Tests.dll" adapterTypeName="executor://xunit/VsTestRunner2/netcoreapp" className="Calor.Compiler.Tests.BinderIncompleteRatchetTests" name="SelectedBranchMode_UsesRoslynBooleanConditions" />
    </UnitTest>
    <UnitTest name="Calor.Compiler.Tests.Calor0425CorpusLedgerTests.K1_BothLedgers_NameTheirOwnBindRule" storage="/users/juanrivera/.copilot/session-state/cea41f9d-a634-40dd-ad65-279680749d85/files/worktrees/native-string-1383/tests/calor.compiler.tests/bin/debug/net10.0/calor.compiler.tests.dll" id="d528d95c-8186-8b08-705d-ee27b548cbde">
      <Execution id="869010f7-d79d-4bb1-afbd-2e557a1d2013" />
      <TestMethod codeBase="/Users/juanrivera/.copilot/session-state/cea41f9d-a634-40dd-ad65-279680749d85/files/worktrees/native-string-1383/tests/Calor.Compiler.Tests/bin/Debug/net10.0/Calor.Compiler.Tests.dll" adapterTypeName="executor://xunit/VsTestRunner2/netcoreapp" className="Calor.Compiler.Tests.Calor0425CorpusLedgerTests" name="K1_BothLedgers_NameTheirOwnBindRule" />
    </UnitTest>
    <UnitTest name="Calor.Compiler.Tests.LedgerCommitStampTests.EveryIndexEntryStillMatchesItsLedgersOwnStamp" storage="/users/juanrivera/.copilot/session-state/cea41f9d-a634-40dd-ad65-279680749d85/files/worktrees/native-string-1383/tests/calor.compiler.tests/bin/debug/net10.0/calor.compiler.tests.dll" id="705a277e-1c4d-caa1-776e-e5561a5fbed2">
      <Execution id="64ccc980-2863-4107-8c7d-1ba9d5b66236" />
      <TestMethod codeBase="/Users/juanrivera/.copilot/session-state/cea41f9d-a634-40dd-ad65-279680749d85/files/worktrees/native-string-1383/tests/Calor.Compiler.Tests/bin/Debug/net10.0/Calor.Compiler.Tests.dll" adapterTypeName="executor://xunit/VsTestRunner2/netcoreapp" className="Calor.Compiler.Tests.LedgerCommitStampTests" name="EveryIndexEntryStillMatchesItsLedgersOwnStamp" />
    </UnitTest>
    <UnitTest name="Calor.Compiler.Tests.Calor0425CorpusLedgerTests.Calor0425CorpusLedgerMatchesRecomputation" storage="/users/juanrivera/.copilot/session-state/cea41f9d-a634-40dd-ad65-279680749d85/files/worktrees/native-string-1383/tests/calor.compiler.tests/bin/debug/net10.0/calor.compiler.tests.dll" id="abbaaeb4-b55e-fb5e-8652-f333119e84c5">
      <Execution id="72e70369-fb67-41c3-8513-402251353e51" />
      <TestMethod codeBase="/Users/juanrivera/.copilot/session-state/cea41f9d-a634-40dd-ad65-279680749d85/files/worktrees/native-string-1383/tests/Calor.Compiler.Tests/bin/Debug/net10.0/Calor.Compiler.Tests.dll" adapterTypeName="executor://xunit/VsTestRunner2/netcoreapp" className="Calor.Compiler.Tests.Calor0425CorpusLedgerTests" name="Calor0425CorpusLedgerMatchesRecomputation" />
    </UnitTest>
    <UnitTest name="Calor.Compiler.Tests.Calor0425CorpusLedgerTests.Gate13_BindFailureCauses_SumToExcludedBindFailed" storage="/users/juanrivera/.copilot/session-state/cea41f9d-a634-40dd-ad65-279680749d85/files/worktrees/native-string-1383/tests/calor.compiler.tests/bin/debug/net10.0/calor.compiler.tests.dll" id="e7f9d35d-d1d3-e721-c9f1-961170089c60">
      <Execution id="c1017e7c-c81d-4384-b840-ab791c6e4c53" />
      <TestMethod codeBase="/Users/juanrivera/.copilot/session-state/cea41f9d-a634-40dd-ad65-279680749d85/files/worktrees/native-string-1383/tests/Calor.Compiler.Tests/bin/Debug/net10.0/Calor.Compiler.Tests.dll" adapterTypeName="executor://xunit/VsTestRunner2/netcoreapp" className="Calor.Compiler.Tests.Calor0425CorpusLedgerTests" name="Gate13_BindFailureCauses_SumToExcludedBindFailed" />
    </UnitTest>
    <UnitTest name="Calor.Compiler.Tests.LedgerCommitStampTests.EveryLedgerThatStampsAMeasurementIsIndexed" storage="/users/juanrivera/.copilot/session-state/cea41f9d-a634-40dd-ad65-279680749d85/files/worktrees/native-string-1383/tests/calor.compiler.tests/bin/debug/net10.0/calor.compiler.tests.dll" id="5b84653d-39fe-c613-c408-0b5313f15809">
      <Execution id="a94608ae-0752-4a61-9cd8-022cc335e6c1" />
      <TestMethod codeBase="/Users/juanrivera/.copilot/session-state/cea41f9d-a634-40dd-ad65-279680749d85/files/worktrees/native-string-1383/tests/Calor.Compiler.Tests/bin/Debug/net10.0/Calor.Compiler.Tests.dll" adapterTypeName="executor://xunit/VsTestRunner2/netcoreapp" className="Calor.Compiler.Tests.LedgerCommitStampTests" name="EveryLedgerThatStampsAMeasurementIsIndexed" />
    </UnitTest>
    <UnitTest name="Calor.Compiler.Tests.LedgerCommitStampTests.EveryIndexedCommitResolvesAndIsReachableFromThisBranch" storage="/users/juanrivera/.copilot/session-state/cea41f9d-a634-40dd-ad65-279680749d85/files/worktrees/native-string-1383/tests/calor.compiler.tests/bin/debug/net10.0/calor.compiler.tests.dll" id="8effc83c-a694-d147-0907-08cde14a846b">
      <Execution id="d54d97fe-c2b1-42c3-9fc2-a58591497a9b" />
      <TestMethod codeBase="/Users/juanrivera/.copilot/session-state/cea41f9d-a634-40dd-ad65-279680749d85/files/worktrees/native-string-1383/tests/Calor.Compiler.Tests/bin/Debug/net10.0/Calor.Compiler.Tests.dll" adapterTypeName="executor://xunit/VsTestRunner2/netcoreapp" className="Calor.Compiler.Tests.LedgerCommitStampTests" name="EveryIndexedCommitResolvesAndIsReachableFromThisBranch" />
    </UnitTest>
    <UnitTest name="Calor.Compiler.Tests.Calor0425CorpusLedgerTests.K1_IsSequencedAfterW3c_RecursionPinExists" storage="/users/juanrivera/.copilot/session-state/cea41f9d-a634-40dd-ad65-279680749d85/files/worktrees/native-string-1383/tests/calor.compiler.tests/bin/debug/net10.0/calor.compiler.tests.dll" id="9c1494d1-3d85-5f18-9474-ddc103fc2c76">
      <Execution id="94b7ac10-4a4d-4f8d-bad3-1709c1034b91" />
      <TestMethod codeBase="/Users/juanrivera/.copilot/session-state/cea41f9d-a634-40dd-ad65-279680749d85/files/worktrees/native-string-1383/tests/Calor.Compiler.Tests/bin/Debug/net10.0/Calor.Compiler.Tests.dll" adapterTypeName="executor://xunit/VsTestRunner2/netcoreapp" className="Calor.Compiler.Tests.Calor0425CorpusLedgerTests" name="K1_IsSequencedAfterW3c_RecursionPinExists" />
    </UnitTest>
    <UnitTest name="Calor.Compiler.Tests.BinderIncompleteRatchetTests.NativeMeasurementControls_RejectInteropAndEmitterFallback(body: &quot;return gate &amp;&amp; Check();&quot;)" storage="/users/juanrivera/.copilot/session-state/cea41f9d-a634-40dd-ad65-279680749d85/files/worktrees/native-string-1383/tests/calor.compiler.tests/bin/debug/net10.0/calor.compiler.tests.dll" id="cfbc1e60-de67-b48c-467b-8f3e9dbcbb8b">
      <Execution id="0de1cd40-fa27-4c77-a162-9fed69309d5e" />
      <TestMethod codeBase="/Users/juanrivera/.copilot/session-state/cea41f9d-a634-40dd-ad65-279680749d85/files/worktrees/native-string-1383/tests/Calor.Compiler.Tests/bin/Debug/net10.0/Calor.Compiler.Tests.dll" adapterTypeName="executor://xunit/VsTestRunner2/netcoreapp" className="Calor.Compiler.Tests.BinderIncompleteRatchetTests" name="NativeMeasurementControls_RejectInteropAndEmitterFallback" />
    </UnitTest>
    <UnitTest name="Calor.Compiler.Tests.BinderIncompleteRatchetTests.NativeMeasurementControls_RejectInteropAndEmitterFallback(body: &quot;return gate || Check();&quot;)" storage="/users/juanrivera/.copilot/session-state/cea41f9d-a634-40dd-ad65-279680749d85/files/worktrees/native-string-1383/tests/calor.compiler.tests/bin/debug/net10.0/calor.compiler.tests.dll" id="8dbe9fbc-6976-c516-6d77-befea440fb55">
      <Execution id="1fd71042-4748-415b-9f00-ff2abd9f09db" />
      <TestMethod codeBase="/Users/juanrivera/.copilot/session-state/cea41f9d-a634-40dd-ad65-279680749d85/files/worktrees/native-string-1383/tests/Calor.Compiler.Tests/bin/Debug/net10.0/Calor.Compiler.Tests.dll" adapterTypeName="executor://xunit/VsTestRunner2/netcoreapp" className="Calor.Compiler.Tests.BinderIncompleteRatchetTests" name="NativeMeasurementControls_RejectInteropAndEmitterFallback" />
    </UnitTest>
    <UnitTest name="Calor.Compiler.Tests.Calor0425CorpusLedgerTests.Gate9_CliCrossCheck_AgreesWithTheInProcessMeasurement" storage="/users/juanrivera/.copilot/session-state/cea41f9d-a634-40dd-ad65-279680749d85/files/worktrees/native-string-1383/tests/calor.compiler.tests/bin/debug/net10.0/calor.compiler.tests.dll" id="5e43d2d7-bad3-98e9-5c5c-5e257e1ed739">
      <Execution id="59c0834f-059d-437f-a477-9121677ec4de" />
      <TestMethod codeBase="/Users/juanrivera/.copilot/session-state/cea41f9d-a634-40dd-ad65-279680749d85/files/worktrees/native-string-1383/tests/Calor.Compiler.Tests/bin/Debug/net10.0/Calor.Compiler.Tests.dll" adapterTypeName="executor://xunit/VsTestRunner2/netcoreapp" className="Calor.Compiler.Tests.Calor0425CorpusLedgerTests" name="Gate9_CliCrossCheck_AgreesWithTheInProcessMeasurement" />
    </UnitTest>
    <UnitTest name="Calor.Compiler.Tests.BinderIncompleteRatchetTests.InRepoCorpus_IncompleteCount_DoesNotExceedBaseline" storage="/users/juanrivera/.copilot/session-state/cea41f9d-a634-40dd-ad65-279680749d85/files/worktrees/native-string-1383/tests/calor.compiler.tests/bin/debug/net10.0/calor.compiler.tests.dll" id="da74ab75-2a31-5278-7b89-457d2de35937">
      <Execution id="9a5ebc9e-c62f-4ca3-967c-51a9070602a7" />
      <TestMethod codeBase="/Users/juanrivera/.copilot/session-state/cea41f9d-a634-40dd-ad65-279680749d85/files/worktrees/native-string-1383/tests/Calor.Compiler.Tests/bin/Debug/net10.0/Calor.Compiler.Tests.dll" adapterTypeName="executor://xunit/VsTestRunner2/netcoreapp" className="Calor.Compiler.Tests.BinderIncompleteRatchetTests" name="InRepoCorpus_IncompleteCount_DoesNotExceedBaseline" />
    </UnitTest>
    <UnitTest name="Calor.Compiler.Tests.Calor0425CorpusLedgerTests.Gate9_ModulesEnforcedFloor_Holds" storage="/users/juanrivera/.copilot/session-state/cea41f9d-a634-40dd-ad65-279680749d85/files/worktrees/native-string-1383/tests/calor.compiler.tests/bin/debug/net10.0/calor.compiler.tests.dll" id="23859193-82f2-5a3f-b8d2-2b8f769eefd9">
      <Execution id="8319abf7-84af-4557-8da6-13f5f43cd12b" />
      <TestMethod codeBase="/Users/juanrivera/.copilot/session-state/cea41f9d-a634-40dd-ad65-279680749d85/files/worktrees/native-string-1383/tests/Calor.Compiler.Tests/bin/Debug/net10.0/Calor.Compiler.Tests.dll" adapterTypeName="executor://xunit/VsTestRunner2/netcoreapp" className="Calor.Compiler.Tests.Calor0425CorpusLedgerTests" name="Gate9_ModulesEnforcedFloor_Holds" />
    </UnitTest>
    <UnitTest name="Calor.Compiler.Tests.Calor0425CorpusLedgerTests.R1_Calor0411_IsCountedOverTheEnforcedSet" storage="/users/juanrivera/.copilot/session-state/cea41f9d-a634-40dd-ad65-279680749d85/files/worktrees/native-string-1383/tests/calor.compiler.tests/bin/debug/net10.0/calor.compiler.tests.dll" id="97555dc3-e9c0-2fde-41e8-a0ae239fc659">
      <Execution id="a0068f03-9ac3-4520-bfb4-738ad5f03fef" />
      <TestMethod codeBase="/Users/juanrivera/.copilot/session-state/cea41f9d-a634-40dd-ad65-279680749d85/files/worktrees/native-string-1383/tests/Calor.Compiler.Tests/bin/Debug/net10.0/Calor.Compiler.Tests.dll" adapterTypeName="executor://xunit/VsTestRunner2/netcoreapp" className="Calor.Compiler.Tests.Calor0425CorpusLedgerTests" name="R1_Calor0411_IsCountedOverTheEnforcedSet" />
    </UnitTest>
    <UnitTest name="Calor.Compiler.Tests.Calor0425CorpusLedgerTests.SubjectVolumeEquality_CoversEveryMember" storage="/users/juanrivera/.copilot/session-state/cea41f9d-a634-40dd-ad65-279680749d85/files/worktrees/native-string-1383/tests/calor.compiler.tests/bin/debug/net10.0/calor.compiler.tests.dll" id="4e459a34-7a6f-e010-21fd-b19f25c7228d">
      <Execution id="1cb79be1-fb4b-43e4-83b3-a28fc3b58b14" />
      <TestMethod codeBase="/Users/juanrivera/.copilot/session-state/cea41f9d-a634-40dd-ad65-279680749d85/files/worktrees/native-string-1383/tests/Calor.Compiler.Tests/bin/Debug/net10.0/Calor.Compiler.Tests.dll" adapterTypeName="executor://xunit/VsTestRunner2/netcoreapp" className="Calor.Compiler.Tests.Calor0425CorpusLedgerTests" name="SubjectVolumeEquality_CoversEveryMember" />
    </UnitTest>
    <UnitTest name="Calor.Compiler.Tests.Calor0425CorpusLedgerTests.K1_ManifestRule_TheLedgerReadsBuiltInManifestsOnly" storage="/users/juanrivera/.copilot/session-state/cea41f9d-a634-40dd-ad65-279680749d85/files/worktrees/native-string-1383/tests/calor.compiler.tests/bin/debug/net10.0/calor.compiler.tests.dll" id="88ba4fdc-599e-f936-9e7d-a7dfd822d5cd">
      <Execution id="6711256f-05e1-4e85-ab1a-185c4291a417" />
      <TestMethod codeBase="/Users/juanrivera/.copilot/session-state/cea41f9d-a634-40dd-ad65-279680749d85/files/worktrees/native-string-1383/tests/Calor.Compiler.Tests/bin/Debug/net10.0/Calor.Compiler.Tests.dll" adapterTypeName="executor://xunit/VsTestRunner2/netcoreapp" className="Calor.Compiler.Tests.Calor0425CorpusLedgerTests" name="K1_ManifestRule_TheLedgerReadsBuiltInManifestsOnly" />
    </UnitTest>
    <UnitTest name="Calor.Compiler.Tests.BinderIncompleteRatchetTests.ExpressionInterop_IsOpaqueAndSurvivesSerialization" storage="/users/juanrivera/.copilot/session-state/cea41f9d-a634-40dd-ad65-279680749d85/files/worktrees/native-string-1383/tests/calor.compiler.tests/bin/debug/net10.0/calor.compiler.tests.dll" id="cbc09071-4e44-0129-2814-48e65a859944">
      <Execution id="51120140-3103-4315-bb75-90ccce324e83" />
      <TestMethod codeBase="/Users/juanrivera/.copilot/session-state/cea41f9d-a634-40dd-ad65-279680749d85/files/worktrees/native-string-1383/tests/Calor.Compiler.Tests/bin/Debug/net10.0/Calor.Compiler.Tests.dll" adapterTypeName="executor://xunit/VsTestRunner2/netcoreapp" className="Calor.Compiler.Tests.BinderIncompleteRatchetTests" name="ExpressionInterop_IsOpaqueAndSurvivesSerialization" />
    </UnitTest>
    <UnitTest name="Calor.Compiler.Tests.Calor0425CorpusLedgerTests.R1_NamesTheLargestBindingCluster_AndTheFrozenRuleSizesR2" storage="/users/juanrivera/.copilot/session-state/cea41f9d-a634-40dd-ad65-279680749d85/files/worktrees/native-string-1383/tests/calor.compiler.tests/bin/debug/net10.0/calor.compiler.tests.dll" id="e9dec671-1754-7b79-32db-2b02dc521b30">
      <Execution id="ee625c4a-649b-44b6-af60-0ac82fc609f2" />
      <TestMethod codeBase="/Users/juanrivera/.copilot/session-state/cea41f9d-a634-40dd-ad65-279680749d85/files/worktrees/native-string-1383/tests/Calor.Compiler.Tests/bin/Debug/net10.0/Calor.Compiler.Tests.dll" adapterTypeName="executor://xunit/VsTestRunner2/netcoreapp" className="Calor.Compiler.Tests.Calor0425CorpusLedgerTests" name="R1_NamesTheLargestBindingCluster_AndTheFrozenRuleSizesR2" />
    </UnitTest>
    <UnitTest name="Calor.Compiler.Tests.BinderIncompleteRatchetTests.SourceIdentityGuard_DetectsEqualCountSwapsAndNativeToOpaque" storage="/users/juanrivera/.copilot/session-state/cea41f9d-a634-40dd-ad65-279680749d85/files/worktrees/native-string-1383/tests/calor.compiler.tests/bin/debug/net10.0/calor.compiler.tests.dll" id="44e2aacd-ef38-e279-d17e-72620e93c3dd">
      <Execution id="7e2e908b-84a3-40f7-b9d1-c3290a191a07" />
      <TestMethod codeBase="/Users/juanrivera/.copilot/session-state/cea41f9d-a634-40dd-ad65-279680749d85/files/worktrees/native-string-1383/tests/Calor.Compiler.Tests/bin/Debug/net10.0/Calor.Compiler.Tests.dll" adapterTypeName="executor://xunit/VsTestRunner2/netcoreapp" className="Calor.Compiler.Tests.BinderIncompleteRatchetTests" name="SourceIdentityGuard_DetectsEqualCountSwapsAndNativeToOpaque" />
    </UnitTest>
    <UnitTest name="Calor.Compiler.Tests.Calor0425CorpusLedgerTests.Gate9_ExcludedParseFailedLeg_PinsTheRegistrationValueUntilW3a" storage="/users/juanrivera/.copilot/session-state/cea41f9d-a634-40dd-ad65-279680749d85/files/worktrees/native-string-1383/tests/calor.compiler.tests/bin/debug/net10.0/calor.compiler.tests.dll" id="79a499ec-5ca6-edc6-fa69-9158c8138eca">
      <Execution id="4aa31cec-8a81-4fb9-8757-e726df99d446" />
      <TestMethod codeBase="/Users/juanrivera/.copilot/session-state/cea41f9d-a634-40dd-ad65-279680749d85/files/worktrees/native-string-1383/tests/Calor.Compiler.Tests/bin/Debug/net10.0/Calor.Compiler.Tests.dll" adapterTypeName="executor://xunit/VsTestRunner2/netcoreapp" className="Calor.Compiler.Tests.Calor0425CorpusLedgerTests" name="Gate9_ExcludedParseFailedLeg_PinsTheRegistrationValueUntilW3a" />
    </UnitTest>
    <UnitTest name="Calor.Compiler.Tests.BinderIncompleteRatchetTests.NativeMeasurementControls_RejectInteropAndEmitterFallback(body: &quot;return gate ? Check() : false;&quot;)" storage="/users/juanrivera/.copilot/session-state/cea41f9d-a634-40dd-ad65-279680749d85/files/worktrees/native-string-1383/tests/calor.compiler.tests/bin/debug/net10.0/calor.compiler.tests.dll" id="4511c919-7086-6df0-4876-7b710488f291">
      <Execution id="d70d3f5e-3ca6-496a-8c81-07a13d3ef393" />
      <TestMethod codeBase="/Users/juanrivera/.copilot/session-state/cea41f9d-a634-40dd-ad65-279680749d85/files/worktrees/native-string-1383/tests/Calor.Compiler.Tests/bin/Debug/net10.0/Calor.Compiler.Tests.dll" adapterTypeName="executor://xunit/VsTestRunner2/netcoreapp" className="Calor.Compiler.Tests.BinderIncompleteRatchetTests" name="NativeMeasurementControls_RejectInteropAndEmitterFallback" />
    </UnitTest>
  </TestDefinitions>
  <TestEntries>
    <TestEntry testId="79a499ec-5ca6-edc6-fa69-9158c8138eca" executionId="4aa31cec-8a81-4fb9-8757-e726df99d446" testListId="8c84fa94-04c1-424b-9868-57a2d4851a1d" />
    <TestEntry testId="cbc09071-4e44-0129-2814-48e65a859944" executionId="51120140-3103-4315-bb75-90ccce324e83" testListId="8c84fa94-04c1-424b-9868-57a2d4851a1d" />
    <TestEntry testId="e9dec671-1754-7b79-32db-2b02dc521b30" executionId="ee625c4a-649b-44b6-af60-0ac82fc609f2" testListId="8c84fa94-04c1-424b-9868-57a2d4851a1d" />
    <TestEntry testId="4511c919-7086-6df0-4876-7b710488f291" executionId="d70d3f5e-3ca6-496a-8c81-07a13d3ef393" testListId="8c84fa94-04c1-424b-9868-57a2d4851a1d" />
    <TestEntry testId="e7f9d35d-d1d3-e721-c9f1-961170089c60" executionId="c1017e7c-c81d-4384-b840-ab791c6e4c53" testListId="8c84fa94-04c1-424b-9868-57a2d4851a1d" />
    <TestEntry testId="2966ba38-1385-0704-be03-a2422ff5134d" executionId="51890389-071a-4bd4-8556-aed3137aa0bc" testListId="8c84fa94-04c1-424b-9868-57a2d4851a1d" />
    <TestEntry testId="abbaaeb4-b55e-fb5e-8652-f333119e84c5" executionId="72e70369-fb67-41c3-8513-402251353e51" testListId="8c84fa94-04c1-424b-9868-57a2d4851a1d" />
    <TestEntry testId="705a277e-1c4d-caa1-776e-e5561a5fbed2" executionId="64ccc980-2863-4107-8c7d-1ba9d5b66236" testListId="8c84fa94-04c1-424b-9868-57a2d4851a1d" />
    <TestEntry testId="44e2aacd-ef38-e279-d17e-72620e93c3dd" executionId="7e2e908b-84a3-40f7-b9d1-c3290a191a07" testListId="8c84fa94-04c1-424b-9868-57a2d4851a1d" />
    <TestEntry testId="23859193-82f2-5a3f-b8d2-2b8f769eefd9" executionId="8319abf7-84af-4557-8da6-13f5f43cd12b" testListId="8c84fa94-04c1-424b-9868-57a2d4851a1d" />
    <TestEntry testId="9c1494d1-3d85-5f18-9474-ddc103fc2c76" executionId="94b7ac10-4a4d-4f8d-bad3-1709c1034b91" testListId="8c84fa94-04c1-424b-9868-57a2d4851a1d" />
    <TestEntry testId="8dbe9fbc-6976-c516-6d77-befea440fb55" executionId="1fd71042-4748-415b-9f00-ff2abd9f09db" testListId="8c84fa94-04c1-424b-9868-57a2d4851a1d" />
    <TestEntry testId="61ce0e95-e7ca-6116-2544-71853c07dda7" executionId="94e56b8e-debd-4a78-a876-78933cd216f7" testListId="8c84fa94-04c1-424b-9868-57a2d4851a1d" />
    <TestEntry testId="d528d95c-8186-8b08-705d-ee27b548cbde" executionId="869010f7-d79d-4bb1-afbd-2e557a1d2013" testListId="8c84fa94-04c1-424b-9868-57a2d4851a1d" />
    <TestEntry testId="cfbc1e60-de67-b48c-467b-8f3e9dbcbb8b" executionId="0de1cd40-fa27-4c77-a162-9fed69309d5e" testListId="8c84fa94-04c1-424b-9868-57a2d4851a1d" />
    <TestEntry testId="8effc83c-a694-d147-0907-08cde14a846b" executionId="d54d97fe-c2b1-42c3-9fc2-a58591497a9b" testListId="8c84fa94-04c1-424b-9868-57a2d4851a1d" />
    <TestEntry testId="da74ab75-2a31-5278-7b89-457d2de35937" executionId="9a5ebc9e-c62f-4ca3-967c-51a9070602a7" testListId="8c84fa94-04c1-424b-9868-57a2d4851a1d" />
    <TestEntry testId="5b84653d-39fe-c613-c408-0b5313f15809" executionId="a94608ae-0752-4a61-9cd8-022cc335e6c1" testListId="8c84fa94-04c1-424b-9868-57a2d4851a1d" />
    <TestEntry testId="d6eb0fba-101d-63de-7955-72aaa813f5b4" executionId="328ce0f6-2251-43f5-a701-ba3e35f19046" testListId="8c84fa94-04c1-424b-9868-57a2d4851a1d" />
    <TestEntry testId="4e459a34-7a6f-e010-21fd-b19f25c7228d" executionId="1cb79be1-fb4b-43e4-83b3-a28fc3b58b14" testListId="8c84fa94-04c1-424b-9868-57a2d4851a1d" />
    <TestEntry testId="97555dc3-e9c0-2fde-41e8-a0ae239fc659" executionId="a0068f03-9ac3-4520-bfb4-738ad5f03fef" testListId="8c84fa94-04c1-424b-9868-57a2d4851a1d" />
    <TestEntry testId="88ba4fdc-599e-f936-9e7d-a7dfd822d5cd" executionId="6711256f-05e1-4e85-ab1a-185c4291a417" testListId="8c84fa94-04c1-424b-9868-57a2d4851a1d" />
    <TestEntry testId="ccecf6ed-303f-ce00-d0b3-f5d76ee12e5b" executionId="647d9aa2-ba30-45e6-854b-ba1f63ec09e5" testListId="8c84fa94-04c1-424b-9868-57a2d4851a1d" />
    <TestEntry testId="f743b7fe-5581-7df0-b5f2-b4532ab2b08c" executionId="50467c8b-b3af-4342-8317-72c58a52ce9c" testListId="8c84fa94-04c1-424b-9868-57a2d4851a1d" />
    <TestEntry testId="5e43d2d7-bad3-98e9-5c5c-5e257e1ed739" executionId="59c0834f-059d-437f-a477-9121677ec4de" testListId="8c84fa94-04c1-424b-9868-57a2d4851a1d" />
  </TestEntries>
  <TestLists>
    <TestList name="Results Not in a List" id="8c84fa94-04c1-424b-9868-57a2d4851a1d" />
    <TestList name="All Loaded Results" id="19431567-8539-422a-85d7-44ee4e166bda" />
  </TestLists>
  <ResultSummary outcome="Completed">
    <Counters total="25" executed="25" passed="25" failed="0" error="0" timeout="0" aborted="0" inconclusive="0" passedButRunAborted="0" notRunnable="0" notExecuted="0" disconnected="0" warning="0" completed="0" inProgress="0" pending="0" />
    <Output>
      <StdOut>[xUnit.net 00:00:00.00] xUnit.net VSTest Adapter v2.5.4.1+b9eacec401 (64-bit .NET 10.0.11)
[xUnit.net 00:00:00.06]   Discovering: Calor.Compiler.Tests
[xUnit.net 00:00:00.41]   Discovered:  Calor.Compiler.Tests
[xUnit.net 00:00:00.42]   Starting:    Calor.Compiler.Tests
WARNING: unknown parameter 'random_seed'
Legal parameters are:
  auto_config (bool) (default: true)
  ctrl_c (bool) (default: true)
  debug_ref_count (bool) (default: false)
  dot_proof_file (string) (default: proof.dot)
  dump_models (bool) (default: false)
  encoding (string) (default: unicode)
  model (bool) (default: true)
  model_validate (bool) (default: false)
  proof (bool) (default: false)
  rlimit (unsigned int) (default: 0)
  smtlib2_compliant (bool) (default: false)
  stats (bool) (default: false)
  timeout (unsigned int) (default: 4294967295)
  trace (bool) (default: false)
  trace_file_name (string) (default: z3.log)
  type_check (bool) (default: true)
  unsat_core (bool) (default: false)
  well_sorted_check (bool) (default: false)
WARNING: unknown parameter 'random_seed'
Legal parameters are:
  auto_config (bool) (default: true)
  ctrl_c (bool) (default: true)
  debug_ref_count (bool) (default: false)
  dot_proof_file (string) (default: proof.dot)
  dump_models (bool) (default: false)
  encoding (string) (default: unicode)
  model (bool) (default: true)
  model_validate (bool) (default: false)
  proof (bool) (default: false)
  rlimit (unsigned int) (default: 0)
  smtlib2_compliant (bool) (default: false)
  stats (bool) (default: false)
  timeout (unsigned int) (default: 4294967295)
  trace (bool) (default: false)
  trace_file_name (string) (default: z3.log)
  type_check (bool) (default: true)
  unsat_core (bool) (default: false)
  well_sorted_check (bool) (default: false)
WARNING: unknown parameter 'random_seed'
Legal parameters are:
  auto_config (bool) (default: true)
  ctrl_c (bool) (default: true)
  debug_ref_count (bool) (default: false)
  dot_proof_file (string) (default: proof.dot)
  dump_models (bool) (default: false)
  encoding (string) (default: unicode)
  model (bool) (default: true)
  model_validate (bool) (default: false)
  proof (bool) (default: false)
  rlimit (unsigned int) (default: 0)
  smtlib2_compliant (bool) (default: false)
  stats (bool) (default: false)
  timeout (unsigned int) (default: 4294967295)
  trace (bool) (default: false)
  trace_file_name (string) (default: z3.log)
  type_check (bool) (default: true)
  unsat_core (bool) (default: false)
  well_sorted_check (bool) (default: false)
WARNING: unknown parameter 'random_seed'
Legal parameters are:
  auto_config (bool) (default: true)
  ctrl_c (bool) (default: true)
  debug_ref_count (bool) (default: false)
  dot_proof_file (string) (default: proof.dot)
  dump_models (bool) (default: false)
  encoding (string) (default: unicode)
  model (bool) (default: true)
  model_validate (bool) (default: false)
  proof (bool) (default: false)
  rlimit (unsigned int) (default: 0)
  smtlib2_compliant (bool) (default: false)
  stats (bool) (default: false)
  timeout (unsigned int) (default: 4294967295)
  trace (bool) (default: false)
  trace_file_name (string) (default: z3.log)
  type_check (bool) (default: true)
  unsat_core (bool) (default: false)
  well_sorted_check (bool) (default: false)
WARNING: unknown parameter 'random_seed'
Legal parameters are:
  auto_config (bool) (default: true)
  ctrl_c (bool) (default: true)
  debug_ref_count (bool) (default: false)
  dot_proof_file (string) (default: proof.dot)
  dump_models (bool) (default: false)
  encoding (string) (default: unicode)
  model (bool) (default: true)
  model_validate (bool) (default: false)
  proof (bool) (default: false)
  rlimit (unsigned int) (default: 0)
  smtlib2_compliant (bool) (default: false)
  stats (bool) (default: false)
  timeout (unsigned int) (default: 4294967295)
  trace (bool) (default: false)
  trace_file_name (string) (default: z3.log)
  type_check (bool) (default: true)
  unsat_core (bool) (default: false)
  well_sorted_check (bool) (default: false)
WARNING: unknown parameter 'random_seed'
Legal parameters are:
  auto_config (bool) (default: true)
  ctrl_c (bool) (default: true)
  debug_ref_count (bool) (default: false)
  dot_proof_file (string) (default: proof.dot)
  dump_models (bool) (default: false)
  encoding (string) (default: unicode)
  model (bool) (default: true)
  model_validate (bool) (default: false)
  proof (bool) (default: false)
  rlimit (unsigned int) (default: 0)
  smtlib2_compliant (bool) (default: false)
  stats (bool) (default: false)
  timeout (unsigned int) (default: 4294967295)
  trace (bool) (default: false)
  trace_file_name (string) (default: z3.log)
  type_check (bool) (default: true)
  unsat_core (bool) (default: false)
  well_sorted_check (bool) (default: false)
WARNING: unknown parameter 'random_seed'
Legal parameters are:
  auto_config (bool) (default: true)
  ctrl_c (bool) (default: true)
  debug_ref_count (bool) (default: false)
  dot_proof_file (string) (default: proof.dot)
  dump_models (bool) (default: false)
  encoding (string) (default: unicode)
  model (bool) (default: true)
  model_validate (bool) (default: false)
  proof (bool) (default: false)
  rlimit (unsigned int) (default: 0)
  smtlib2_compliant (bool) (default: false)
  stats (bool) (default: false)
  timeout (unsigned int) (default: 4294967295)
  trace (bool) (default: false)
  trace_file_name (string) (default: z3.log)
  type_check (bool) (default: true)
  unsat_core (bool) (default: false)
  well_sorted_check (bool) (default: false)
WARNING: unknown parameter 'random_seed'
Legal parameters are:
  auto_config (bool) (default: true)
  ctrl_c (bool) (default: true)
  debug_ref_count (bool) (default: false)
  dot_proof_file (string) (default: proof.dot)
  dump_models (bool) (default: false)
  encoding (string) (default: unicode)
  model (bool) (default: true)
  model_validate (bool) (default: false)
  proof (bool) (default: false)
  rlimit (unsigned int) (default: 0)
  smtlib2_compliant (bool) (default: false)
  stats (bool) (default: false)
  timeout (unsigned int) (default: 4294967295)
  trace (bool) (default: false)
  trace_file_name (string) (default: z3.log)
  type_check (bool) (default: true)
  unsat_core (bool) (default: false)
  well_sorted_check (bool) (default: false)
WARNING: unknown parameter 'random_seed'
Legal parameters are:
  auto_config (bool) (default: true)
  ctrl_c (bool) (default: true)
  debug_ref_count (bool) (default: false)
  dot_proof_file (string) (default: proof.dot)
  dump_models (bool) (default: false)
  encoding (string) (default: unicode)
  model (bool) (default: true)
  model_validate (bool) (default: false)
  proof (bool) (default: false)
  rlimit (unsigned int) (default: 0)
  smtlib2_compliant (bool) (default: false)
  stats (bool) (default: false)
  timeout (unsigned int) (default: 4294967295)
  trace (bool) (default: false)
  trace_file_name (string) (default: z3.log)
  type_check (bool) (default: true)
  unsat_core (bool) (default: false)
  well_sorted_check (bool) (default: false)
WARNING: unknown parameter 'random_seed'
Legal parameters are:
  auto_config (bool) (default: true)
  ctrl_c (bool) (default: true)
  debug_ref_count (bool) (default: false)
  dot_proof_file (string) (default: proof.dot)
  dump_models (bool) (default: false)
  encoding (string) (default: unicode)
  model (bool) (default: true)
  model_validate (bool) (default: false)
  proof (bool) (default: false)
  rlimit (unsigned int) (default: 0)
  smtlib2_compliant (bool) (default: false)
  stats (bool) (default: false)
  timeout (unsigned int) (default: 4294967295)
  trace (bool) (default: false)
  trace_file_name (string) (default: z3.log)
  type_check (bool) (default: true)
  unsat_core (bool) (default: false)
  well_sorted_check (bool) (default: false)
WARNING: unknown parameter 'random_seed'
Legal parameters are:
  auto_config (bool) (default: true)
  ctrl_c (bool) (default: true)
  debug_ref_count (bool) (default: false)
  dot_proof_file (string) (default: proof.dot)
  dump_models (bool) (default: false)
  encoding (string) (default: unicode)
  model (bool) (default: true)
  model_validate (bool) (default: false)
  proof (bool) (default: false)
  rlimit (unsigned int) (default: 0)
  smtlib2_compliant (bool) (default: false)
  stats (bool) (default: false)
  timeout (unsigned int) (default: 4294967295)
  trace (bool) (default: false)
  trace_file_name (string) (default: z3.log)
  type_check (bool) (default: true)
  unsat_core (bool) (default: false)
  well_sorted_check (bool) (default: false)
WARNING: unknown parameter 'random_seed'
Legal parameters are:
  auto_config (bool) (default: true)
  ctrl_c (bool) (default: true)
  debug_ref_count (bool) (default: false)
  dot_proof_file (string) (default: proof.dot)
  dump_models (bool) (default: false)
  encoding (string) (default: unicode)
  model (bool) (default: true)
  model_validate (bool) (default: false)
  proof (bool) (default: false)
  rlimit (unsigned int) (default: 0)
  smtlib2_compliant (bool) (default: false)
  stats (bool) (default: false)
  timeout (unsigned int) (default: 4294967295)
  trace (bool) (default: false)
  trace_file_name (string) (default: z3.log)
  type_check (bool) (default: true)
  unsat_core (bool) (default: false)
  well_sorted_check (bool) (default: false)
WARNING: unknown parameter 'random_seed'
Legal parameters are:
  auto_config (bool) (default: true)
  ctrl_c (bool) (default: true)
  debug_ref_count (bool) (default: false)
  dot_proof_file (string) (default: proof.dot)
  dump_models (bool) (default: false)
  encoding (string) (default: unicode)
  model (bool) (default: true)
  model_validate (bool) (default: false)
  proof (bool) (default: false)
  rlimit (unsigned int) (default: 0)
  smtlib2_compliant (bool) (default: false)
  stats (bool) (default: false)
  timeout (unsigned int) (default: 4294967295)
  trace (bool) (default: false)
  trace_file_name (string) (default: z3.log)
  type_check (bool) (default: true)
  unsat_core (bool) (default: false)
  well_sorted_check (bool) (default: false)
WARNING: unknown parameter 'random_seed'
Legal parameters are:
  auto_config (bool) (default: true)
  ctrl_c (bool) (default: true)
  debug_ref_count (bool) (default: false)
  dot_proof_file (string) (default: proof.dot)
  dump_models (bool) (default: false)
  encoding (string) (default: unicode)
  model (bool) (default: true)
  model_validate (bool) (default: false)
  proof (bool) (default: false)
  rlimit (unsigned int) (default: 0)
  smtlib2_compliant (bool) (default: false)
  stats (bool) (default: false)
  timeout (unsigned int) (default: 4294967295)
  trace (bool) (default: false)
  trace_file_name (string) (default: z3.log)
  type_check (bool) (default: true)
  unsat_core (bool) (default: false)
  well_sorted_check (bool) (default: false)
WARNING: unknown parameter 'random_seed'
Legal parameters are:
  auto_config (bool) (default: true)
  ctrl_c (bool) (default: true)
  debug_ref_count (bool) (default: false)
  dot_proof_file (string) (default: proof.dot)
  dump_models (bool) (default: false)
  encoding (string) (default: unicode)
  model (bool) (default: true)
  model_validate (bool) (default: false)
  proof (bool) (default: false)
  rlimit (unsigned int) (default: 0)
  smtlib2_compliant (bool) (default: false)
  stats (bool) (default: false)
  timeout (unsigned int) (default: 4294967295)
  trace (bool) (default: false)
  trace_file_name (string) (default: z3.log)
  type_check (bool) (default: true)
  unsat_core (bool) (default: false)
  well_sorted_check (bool) (default: false)
WARNING: unknown parameter 'random_seed'
Legal parameters are:
  auto_config (bool) (default: true)
  ctrl_c (bool) (default: true)
  debug_ref_count (bool) (default: false)
  dot_proof_file (string) (default: proof.dot)
  dump_models (bool) (default: false)
  encoding (string) (default: unicode)
  model (bool) (default: true)
  model_validate (bool) (default: false)
  proof (bool) (default: false)
  rlimit (unsigned int) (default: 0)
  smtlib2_compliant (bool) (default: false)
  stats (bool) (default: false)
  timeout (unsigned int) (default: 4294967295)
  trace (bool) (default: false)
  trace_file_name (string) (default: z3.log)
  type_check (bool) (default: true)
  unsat_core (bool) (default: false)
  well_sorted_check (bool) (default: false)
WARNING: unknown parameter 'random_seed'
Legal parameters are:
  auto_config (bool) (default: true)
  ctrl_c (bool) (default: true)
  debug_ref_count (bool) (default: false)
  dot_proof_file (string) (default: proof.dot)
  dump_models (bool) (default: false)
  encoding (string) (default: unicode)
  model (bool) (default: true)
  model_validate (bool) (default: false)
  proof (bool) (default: false)
  rlimit (unsigned int) (default: 0)
  smtlib2_compliant (bool) (default: false)
  stats (bool) (default: false)
  timeout (unsigned int) (default: 4294967295)
  trace (bool) (default: false)
  trace_file_name (string) (default: z3.log)
  type_check (bool) (default: true)
  unsat_core (bool) (default: false)
  well_sorted_check (bool) (default: false)
WARNING: unknown parameter 'random_seed'
Legal parameters are:
  auto_config (bool) (default: true)
  ctrl_c (bool) (default: true)
  debug_ref_count (bool) (default: false)
  dot_proof_file (string) (default: proof.dot)
  dump_models (bool) (default: false)
  encoding (string) (default: unicode)
  model (bool) (default: true)
  model_validate (bool) (default: false)
  proof (bool) (default: false)
  rlimit (unsigned int) (default: 0)
  smtlib2_compliant (bool) (default: false)
  stats (bool) (default: false)
  timeout (unsigned int) (default: 4294967295)
  trace (bool) (default: false)
  trace_file_name (string) (default: z3.log)
  type_check (bool) (default: true)
  unsat_core (bool) (default: false)
  well_sorted_check (bool) (default: false)
WARNING: unknown parameter 'random_seed'
Legal parameters are:
  auto_config (bool) (default: true)
  ctrl_c (bool) (default: true)
  debug_ref_count (bool) (default: false)
  dot_proof_file (string) (default: proof.dot)
  dump_models (bool) (default: false)
  encoding (string) (default: unicode)
  model (bool) (default: true)
  model_validate (bool) (default: false)
  proof (bool) (default: false)
  rlimit (unsigned int) (default: 0)
  smtlib2_compliant (bool) (default: false)
  stats (bool) (default: false)
  timeout (unsigned int) (default: 4294967295)
  trace (bool) (default: false)
  trace_file_name (string) (default: z3.log)
  type_check (bool) (default: true)
  unsat_core (bool) (default: false)
  well_sorted_check (bool) (default: false)
WARNING: unknown parameter 'random_seed'
Legal parameters are:
  auto_config (bool) (default: true)
  ctrl_c (bool) (default: true)
  debug_ref_count (bool) (default: false)
  dot_proof_file (string) (default: proof.dot)
  dump_models (bool) (default: false)
  encoding (string) (default: unicode)
  model (bool) (default: true)
  model_validate (bool) (default: false)
  proof (bool) (default: false)
  rlimit (unsigned int) (default: 0)
  smtlib2_compliant (bool) (default: false)
  stats (bool) (default: false)
  timeout (unsigned int) (default: 4294967295)
  trace (bool) (default: false)
  trace_file_name (string) (default: z3.log)
  type_check (bool) (default: true)
  unsat_core (bool) (default: false)
  well_sorted_check (bool) (default: false)
WARNING: unknown parameter 'random_seed'
Legal parameters are:
  auto_config (bool) (default: true)
  ctrl_c (bool) (default: true)
  debug_ref_count (bool) (default: false)
  dot_proof_file (string) (default: proof.dot)
  dump_models (bool) (default: false)
  encoding (string) (default: unicode)
  model (bool) (default: true)
  model_validate (bool) (default: false)
  proof (bool) (default: false)
  rlimit (unsigned int) (default: 0)
  smtlib2_compliant (bool) (default: false)
  stats (bool) (default: false)
  timeout (unsigned int) (default: 4294967295)
  trace (bool) (default: false)
  trace_file_name (string) (default: z3.log)
  type_check (bool) (default: true)
  unsat_core (bool) (default: false)
  well_sorted_check (bool) (default: false)
WARNING: unknown parameter 'random_seed'
Legal parameters are:
  auto_config (bool) (default: true)
  ctrl_c (bool) (default: true)
  debug_ref_count (bool) (default: false)
  dot_proof_file (string) (default: proof.dot)
  dump_models (bool) (default: false)
  encoding (string) (default: unicode)
  model (bool) (default: true)
  model_validate (bool) (default: false)
  proof (bool) (default: false)
  rlimit (unsigned int) (default: 0)
  smtlib2_compliant (bool) (default: false)
  stats (bool) (default: false)
  timeout (unsigned int) (default: 4294967295)
  trace (bool) (default: false)
  trace_file_name (string) (default: z3.log)
  type_check (bool) (default: true)
  unsat_core (bool) (default: false)
  well_sorted_check (bool) (default: false)
WARNING: unknown parameter 'random_seed'
Legal parameters are:
  auto_config (bool) (default: true)
  ctrl_c (bool) (default: true)
  debug_ref_count (bool) (default: false)
  dot_proof_file (string) (default: proof.dot)
  dump_models (bool) (default: false)
  encoding (string) (default: unicode)
  model (bool) (default: true)
  model_validate (bool) (default: false)
  proof (bool) (default: false)
  rlimit (unsigned int) (default: 0)
  smtlib2_compliant (bool) (default: false)
  stats (bool) (default: false)
  timeout (unsigned int) (default: 4294967295)
  trace (bool) (default: false)
  trace_file_name (string) (default: z3.log)
  type_check (bool) (default: true)
  unsat_core (bool) (default: false)
  well_sorted_check (bool) (default: false)
WARNING: unknown parameter 'random_seed'
Legal parameters are:
  auto_config (bool) (default: true)
  ctrl_c (bool) (default: true)
  debug_ref_count (bool) (default: false)
  dot_proof_file (string) (default: proof.dot)
  dump_models (bool) (default: false)
  encoding (string) (default: unicode)
  model (bool) (default: true)
  model_validate (bool) (default: false)
  proof (bool) (default: false)
  rlimit (unsigned int) (default: 0)
  smtlib2_compliant (bool) (default: false)
  stats (bool) (default: false)
  timeout (unsigned int) (default: 4294967295)
  trace (bool) (default: false)
  trace_file_name (string) (default: z3.log)
  type_check (bool) (default: true)
  unsat_core (bool) (default: false)
  well_sorted_check (bool) (default: false)
WARNING: unknown parameter 'random_seed'
Legal parameters are:
  auto_config (bool) (default: true)
  ctrl_c (bool) (default: true)
  debug_ref_count (bool) (default: false)
  dot_proof_file (string) (default: proof.dot)
  dump_models (bool) (default: false)
  encoding (string) (default: unicode)
  model (bool) (default: true)
  model_validate (bool) (default: false)
  proof (bool) (default: false)
  rlimit (unsigned int) (default: 0)
  smtlib2_compliant (bool) (default: false)
  stats (bool) (default: false)
  timeout (unsigned int) (default: 4294967295)
  trace (bool) (default: false)
  trace_file_name (string) (default: z3.log)
  type_check (bool) (default: true)
  unsat_core (bool) (default: false)
  well_sorted_check (bool) (default: false)
WARNING: unknown parameter 'random_seed'
Legal parameters are:
  auto_config (bool) (default: true)
  ctrl_c (bool) (default: true)
  debug_ref_count (bool) (default: false)
  dot_proof_file (string) (default: proof.dot)
  dump_models (bool) (default: false)
  encoding (string) (default: unicode)
  model (bool) (default: true)
  model_validate (bool) (default: false)
  proof (bool) (default: false)
  rlimit (unsigned int) (default: 0)
  smtlib2_compliant (bool) (default: false)
  stats (bool) (default: false)
  timeout (unsigned int) (default: 4294967295)
  trace (bool) (default: false)
  trace_file_name (string) (default: z3.log)
  type_check (bool) (default: true)
  unsat_core (bool) (default: false)
  well_sorted_check (bool) (default: false)
WARNING: unknown parameter 'random_seed'
Legal parameters are:
  auto_config (bool) (default: true)
  ctrl_c (bool) (default: true)
  debug_ref_count (bool) (default: false)
  dot_proof_file (string) (default: proof.dot)
  dump_models (bool) (default: false)
  encoding (string) (default: unicode)
  model (bool) (default: true)
  model_validate (bool) (default: false)
  proof (bool) (default: false)
  rlimit (unsigned int) (default: 0)
  smtlib2_compliant (bool) (default: false)
  stats (bool) (default: false)
  timeout (unsigned int) (default: 4294967295)
  trace (bool) (default: false)
  trace_file_name (string) (default: z3.log)
  type_check (bool) (default: true)
  unsat_core (bool) (default: false)
  well_sorted_check (bool) (default: false)
WARNING: unknown parameter 'random_seed'
Legal parameters are:
  auto_config (bool) (default: true)
  ctrl_c (bool) (default: true)
  debug_ref_count (bool) (default: false)
  dot_proof_file (string) (default: proof.dot)
  dump_models (bool) (default: false)
  encoding (string) (default: unicode)
  model (bool) (default: true)
  model_validate (bool) (default: false)
  proof (bool) (default: false)
  rlimit (unsigned int) (default: 0)
  smtlib2_compliant (bool) (default: false)
  stats (bool) (default: false)
  timeout (unsigned int) (default: 4294967295)
  trace (bool) (default: false)
  trace_file_name (string) (default: z3.log)
  type_check (bool) (default: true)
  unsat_core (bool) (default: false)
  well_sorted_check (bool) (default: false)
WARNING: unknown parameter 'random_seed'
Legal parameters are:
  auto_config (bool) (default: true)
  ctrl_c (bool) (default: true)
  debug_ref_count (bool) (default: false)
  dot_proof_file (string) (default: proof.dot)
  dump_models (bool) (default: false)
  encoding (string) (default: unicode)
  model (bool) (default: true)
  model_validate (bool) (default: false)
  proof (bool) (default: false)
  rlimit (unsigned int) (default: 0)
  smtlib2_compliant (bool) (default: false)
  stats (bool) (default: false)
  timeout (unsigned int) (default: 4294967295)
  trace (bool) (default: false)
  trace_file_name (string) (default: z3.log)
  type_check (bool) (default: true)
  unsat_core (bool) (default: false)
  well_sorted_check (bool) (default: false)
WARNING: unknown parameter 'random_seed'
Legal parameters are:
  auto_config (bool) (default: true)
  ctrl_c (bool) (default: true)
  debug_ref_count (bool) (default: false)
  dot_proof_file (string) (default: proof.dot)
  dump_models (bool) (default: false)
  encoding (string) (default: unicode)
  model (bool) (default: true)
  model_validate (bool) (default: false)
  proof (bool) (default: false)
  rlimit (unsigned int) (default: 0)
  smtlib2_compliant (bool) (default: false)
  stats (bool) (default: false)
  timeout (unsigned int) (default: 4294967295)
  trace (bool) (default: false)
  trace_file_name (string) (default: z3.log)
  type_check (bool) (default: true)
  unsat_core (bool) (default: false)
  well_sorted_check (bool) (default: false)
WARNING: unknown parameter 'random_seed'
Legal parameters are:
  auto_config (bool) (default: true)
  ctrl_c (bool) (default: true)
  debug_ref_count (bool) (default: false)
  dot_proof_file (string) (default: proof.dot)
  dump_models (bool) (default: false)
  encoding (string) (default: unicode)
  model (bool) (default: true)
  model_validate (bool) (default: false)
  proof (bool) (default: false)
  rlimit (unsigned int) (default: 0)
  smtlib2_compliant (bool) (default: false)
  stats (bool) (default: false)
  timeout (unsigned int) (default: 4294967295)
  trace (bool) (default: false)
  trace_file_name (string) (default: z3.log)
  type_check (bool) (default: true)
  unsat_core (bool) (default: false)
  well_sorted_check (bool) (default: false)
WARNING: unknown parameter 'random_seed'
Legal parameters are:
  auto_config (bool) (default: true)
  ctrl_c (bool) (default: true)
  debug_ref_count (bool) (default: false)
  dot_proof_file (string) (default: proof.dot)
  dump_models (bool) (default: false)
  encoding (string) (default: unicode)
  model (bool) (default: true)
  model_validate (bool) (default: false)
  proof (bool) (default: false)
  rlimit (unsigned int) (default: 0)
  smtlib2_compliant (bool) (default: false)
  stats (bool) (default: false)
  timeout (unsigned int) (default: 4294967295)
  trace (bool) (default: false)
  trace_file_name (string) (default: z3.log)
  type_check (bool) (default: true)
  unsat_core (bool) (default: false)
  well_sorted_check (bool) (default: false)
WARNING: unknown parameter 'random_seed'
Legal parameters are:
  auto_config (bool) (default: true)
  ctrl_c (bool) (default: true)
  debug_ref_count (bool) (default: false)
  dot_proof_file (string) (default: proof.dot)
  dump_models (bool) (default: false)
  encoding (string) (default: unicode)
  model (bool) (default: true)
  model_validate (bool) (default: false)
  proof (bool) (default: false)
  rlimit (unsigned int) (default: 0)
  smtlib2_compliant (bool) (default: false)
  stats (bool) (default: false)
  timeout (unsigned int) (default: 4294967295)
  trace (bool) (default: false)
  trace_file_name (string) (default: z3.log)
  type_check (bool) (default: true)
  unsat_core (bool) (default: false)
  well_sorted_check (bool) (default: false)
WARNING: unknown parameter 'random_seed'
Legal parameters are:
  auto_config (bool) (default: true)
  ctrl_c (bool) (default: true)
  debug_ref_count (bool) (default: false)
  dot_proof_file (string) (default: proof.dot)
  dump_models (bool) (default: false)
  encoding (string) (default: unicode)
  model (bool) (default: true)
  model_validate (bool) (default: false)
  proof (bool) (default: false)
  rlimit (unsigned int) (default: 0)
  smtlib2_compliant (bool) (default: false)
  stats (bool) (default: false)
  timeout (unsigned int) (default: 4294967295)
  trace (bool) (default: false)
  trace_file_name (string) (default: z3.log)
  type_check (bool) (default: true)
  unsat_core (bool) (default: false)
  well_sorted_check (bool) (default: false)
WARNING: unknown parameter 'random_seed'
Legal parameters are:
  auto_config (bool) (default: true)
  ctrl_c (bool) (default: true)
  debug_ref_count (bool) (default: false)
  dot_proof_file (string) (default: proof.dot)
  dump_models (bool) (default: false)
  encoding (string) (default: unicode)
  model (bool) (default: true)
  model_validate (bool) (default: false)
  proof (bool) (default: false)
  rlimit (unsigned int) (default: 0)
  smtlib2_compliant (bool) (default: false)
  stats (bool) (default: false)
  timeout (unsigned int) (default: 4294967295)
  trace (bool) (default: false)
  trace_file_name (string) (default: z3.log)
  type_check (bool) (default: true)
  unsat_core (bool) (default: false)
  well_sorted_check (bool) (default: false)
WARNING: unknown parameter 'random_seed'
Legal parameters are:
  auto_config (bool) (default: true)
  ctrl_c (bool) (default: true)
  debug_ref_count (bool) (default: false)
  dot_proof_file (string) (default: proof.dot)
  dump_models (bool) (default: false)
  encoding (string) (default: unicode)
  model (bool) (default: true)
  model_validate (bool) (default: false)
  proof (bool) (default: false)
  rlimit (unsigned int) (default: 0)
  smtlib2_compliant (bool) (default: false)
  stats (bool) (default: false)
  timeout (unsigned int) (default: 4294967295)
  trace (bool) (default: false)
  trace_file_name (string) (default: z3.log)
  type_check (bool) (default: true)
  unsat_core (bool) (default: false)
  well_sorted_check (bool) (default: false)
WARNING: unknown parameter 'random_seed'
Legal parameters are:
  auto_config (bool) (default: true)
  ctrl_c (bool) (default: true)
  debug_ref_count (bool) (default: false)
  dot_proof_file (string) (default: proof.dot)
  dump_models (bool) (default: false)
  encoding (string) (default: unicode)
  model (bool) (default: true)
  model_validate (bool) (default: false)
  proof (bool) (default: false)
  rlimit (unsigned int) (default: 0)
  smtlib2_compliant (bool) (default: false)
  stats (bool) (default: false)
  timeout (unsigned int) (default: 4294967295)
  trace (bool) (default: false)
  trace_file_name (string) (default: z3.log)
  type_check (bool) (default: true)
  unsat_core (bool) (default: false)
  well_sorted_check (bool) (default: false)
WARNING: unknown parameter 'random_seed'
Legal parameters are:
  auto_config (bool) (default: true)
  ctrl_c (bool) (default: true)
  debug_ref_count (bool) (default: false)
  dot_proof_file (string) (default: proof.dot)
  dump_models (bool) (default: false)
  encoding (string) (default: unicode)
  model (bool) (default: true)
  model_validate (bool) (default: false)
  proof (bool) (default: false)
  rlimit (unsigned int) (default: 0)
  smtlib2_compliant (bool) (default: false)
  stats (bool) (default: false)
  timeout (unsigned int) (default: 4294967295)
  trace (bool) (default: false)
  trace_file_name (string) (default: z3.log)
  type_check (bool) (default: true)
  unsat_core (bool) (default: false)
  well_sorted_check (bool) (default: false)
WARNING: unknown parameter 'random_seed'
Legal parameters are:
  auto_config (bool) (default: true)
  ctrl_c (bool) (default: true)
  debug_ref_count (bool) (default: false)
  dot_proof_file (string) (default: proof.dot)
  dump_models (bool) (default: false)
  encoding (string) (default: unicode)
  model (bool) (default: true)
  model_validate (bool) (default: false)
  proof (bool) (default: false)
  rlimit (unsigned int) (default: 0)
  smtlib2_compliant (bool) (default: false)
  stats (bool) (default: false)
  timeout (unsigned int) (default: 4294967295)
  trace (bool) (default: false)
  trace_file_name (string) (default: z3.log)
  type_check (bool) (default: true)
  unsat_core (bool) (default: false)
  well_sorted_check (bool) (default: false)
WARNING: unknown parameter 'random_seed'
Legal parameters are:
  auto_config (bool) (default: true)
  ctrl_c (bool) (default: true)
  debug_ref_count (bool) (default: false)
  dot_proof_file (string) (default: proof.dot)
  dump_models (bool) (default: false)
  encoding (string) (default: unicode)
  model (bool) (default: true)
  model_validate (bool) (default: false)
  proof (bool) (default: false)
  rlimit (unsigned int) (default: 0)
  smtlib2_compliant (bool) (default: false)
  stats (bool) (default: false)
  timeout (unsigned int) (default: 4294967295)
  trace (bool) (default: false)
  trace_file_name (string) (default: z3.log)
  type_check (bool) (default: true)
  unsat_core (bool) (default: false)
  well_sorted_check (bool) (default: false)
WARNING: unknown parameter 'random_seed'
Legal parameters are:
  auto_config (bool) (default: true)
  ctrl_c (bool) (default: true)
  debug_ref_count (bool) (default: false)
  dot_proof_file (string) (default: proof.dot)
  dump_models (bool) (default: false)
  encoding (string) (default: unicode)
  model (bool) (default: true)
  model_validate (bool) (default: false)
  proof (bool) (default: false)
  rlimit (unsigned int) (default: 0)
  smtlib2_compliant (bool) (default: false)
  stats (bool) (default: false)
  timeout (unsigned int) (default: 4294967295)
  trace (bool) (default: false)
  trace_file_name (string) (default: z3.log)
  type_check (bool) (default: true)
  unsat_core (bool) (default: false)
  well_sorted_check (bool) (default: false)
WARNING: unknown parameter 'random_seed'
Legal parameters are:
  auto_config (bool) (default: true)
  ctrl_c (bool) (default: true)
  debug_ref_count (bool) (default: false)
  dot_proof_file (string) (default: proof.dot)
  dump_models (bool) (default: false)
  encoding (string) (default: unicode)
  model (bool) (default: true)
  model_validate (bool) (default: false)
  proof (bool) (default: false)
  rlimit (unsigned int) (default: 0)
  smtlib2_compliant (bool) (default: false)
  stats (bool) (default: false)
  timeout (unsigned int) (default: 4294967295)
  trace (bool) (default: false)
  trace_file_name (string) (default: z3.log)
  type_check (bool) (default: true)
  unsat_core (bool) (default: false)
  well_sorted_check (bool) (default: false)
WARNING: unknown parameter 'random_seed'
Legal parameters are:
  auto_config (bool) (default: true)
  ctrl_c (bool) (default: true)
  debug_ref_count (bool) (default: false)
  dot_proof_file (string) (default: proof.dot)
  dump_models (bool) (default: false)
  encoding (string) (default: unicode)
  model (bool) (default: true)
  model_validate (bool) (default: false)
  proof (bool) (default: false)
  rlimit (unsigned int) (default: 0)
  smtlib2_compliant (bool) (default: false)
  stats (bool) (default: false)
  timeout (unsigned int) (default: 4294967295)
  trace (bool) (default: false)
  trace_file_name (string) (default: z3.log)
  type_check (bool) (default: true)
  unsat_core (bool) (default: false)
  well_sorted_check (bool) (default: false)
WARNING: unknown parameter 'random_seed'
Legal parameters are:
  auto_config (bool) (default: true)
  ctrl_c (bool) (default: true)
  debug_ref_count (bool) (default: false)
  dot_proof_file (string) (default: proof.dot)
  dump_models (bool) (default: false)
  encoding (string) (default: unicode)
  model (bool) (default: true)
  model_validate (bool) (default: false)
  proof (bool) (default: false)
  rlimit (unsigned int) (default: 0)
  smtlib2_compliant (bool) (default: false)
  stats (bool) (default: false)
  timeout (unsigned int) (default: 4294967295)
  trace (bool) (default: false)
  trace_file_name (string) (default: z3.log)
  type_check (bool) (default: true)
  unsat_core (bool) (default: false)
  well_sorted_check (bool) (default: false)
WARNING: unknown parameter 'random_seed'
Legal parameters are:
  auto_config (bool) (default: true)
  ctrl_c (bool) (default: true)
  debug_ref_count (bool) (default: false)
  dot_proof_file (string) (default: proof.dot)
  dump_models (bool) (default: false)
  encoding (string) (default: unicode)
  model (bool) (default: true)
  model_validate (bool) (default: false)
  proof (bool) (default: false)
  rlimit (unsigned int) (default: 0)
  smtlib2_compliant (bool) (default: false)
  stats (bool) (default: false)
  timeout (unsigned int) (default: 4294967295)
  trace (bool) (default: false)
  trace_file_name (string) (default: z3.log)
  type_check (bool) (default: true)
  unsat_core (bool) (default: false)
  well_sorted_check (bool) (default: false)
WARNING: unknown parameter 'random_seed'
Legal parameters are:
  auto_config (bool) (default: true)
  ctrl_c (bool) (default: true)
  debug_ref_count (bool) (default: false)
  dot_proof_file (string) (default: proof.dot)
  dump_models (bool) (default: false)
  encoding (string) (default: unicode)
  model (bool) (default: true)
  model_validate (bool) (default: false)
  proof (bool) (default: false)
  rlimit (unsigned int) (default: 0)
  smtlib2_compliant (bool) (default: false)
  stats (bool) (default: false)
  timeout (unsigned int) (default: 4294967295)
  trace (bool) (default: false)
  trace_file_name (string) (default: z3.log)
  type_check (bool) (default: true)
  unsat_core (bool) (default: false)
  well_sorted_check (bool) (default: false)
WARNING: unknown parameter 'random_seed'
Legal parameters are:
  auto_config (bool) (default: true)
  ctrl_c (bool) (default: true)
  debug_ref_count (bool) (default: false)
  dot_proof_file (string) (default: proof.dot)
  dump_models (bool) (default: false)
  encoding (string) (default: unicode)
  model (bool) (default: true)
  model_validate (bool) (default: false)
  proof (bool) (default: false)
  rlimit (unsigned int) (default: 0)
  smtlib2_compliant (bool) (default: false)
  stats (bool) (default: false)
  timeout (unsigned int) (default: 4294967295)
  trace (bool) (default: false)
  trace_file_name (string) (default: z3.log)
  type_check (bool) (default: true)
  unsat_core (bool) (default: false)
  well_sorted_check (bool) (default: false)
WARNING: unknown parameter 'random_seed'
Legal parameters are:
  auto_config (bool) (default: true)
  ctrl_c (bool) (default: true)
  debug_ref_count (bool) (default: false)
  dot_proof_file (string) (default: proof.dot)
  dump_models (bool) (default: false)
  encoding (string) (default: unicode)
  model (bool) (default: true)
  model_validate (bool) (default: false)
  proof (bool) (default: false)
  rlimit (unsigned int) (default: 0)
  smtlib2_compliant (bool) (default: false)
  stats (bool) (default: false)
  timeout (unsigned int) (default: 4294967295)
  trace (bool) (default: false)
  trace_file_name (string) (default: z3.log)
  type_check (bool) (default: true)
  unsat_core (bool) (default: false)
  well_sorted_check (bool) (default: false)
WARNING: unknown parameter 'random_seed'
Legal parameters are:
  auto_config (bool) (default: true)
  ctrl_c (bool) (default: true)
  debug_ref_count (bool) (default: false)
  dot_proof_file (string) (default: proof.dot)
  dump_models (bool) (default: false)
  encoding (string) (default: unicode)
  model (bool) (default: true)
  model_validate (bool) (default: false)
  proof (bool) (default: false)
  rlimit (unsigned int) (default: 0)
  smtlib2_compliant (bool) (default: false)
  stats (bool) (default: false)
  timeout (unsigned int) (default: 4294967295)
  trace (bool) (default: false)
  trace_file_name (string) (default: z3.log)
  type_check (bool) (default: true)
  unsat_core (bool) (default: false)
  well_sorted_check (bool) (default: false)
WARNING: unknown parameter 'random_seed'
Legal parameters are:
  auto_config (bool) (default: true)
  ctrl_c (bool) (default: true)
  debug_ref_count (bool) (default: false)
  dot_proof_file (string) (default: proof.dot)
  dump_models (bool) (default: false)
  encoding (string) (default: unicode)
  model (bool) (default: true)
  model_validate (bool) (default: false)
  proof (bool) (default: false)
  rlimit (unsigned int) (default: 0)
  smtlib2_compliant (bool) (default: false)
  stats (bool) (default: false)
  timeout (unsigned int) (default: 4294967295)
  trace (bool) (default: false)
  trace_file_name (string) (default: z3.log)
  type_check (bool) (default: true)
  unsat_core (bool) (default: false)
  well_sorted_check (bool) (default: false)
WARNING: unknown parameter 'random_seed'
Legal parameters are:
  auto_config (bool) (default: true)
  ctrl_c (bool) (default: true)
  debug_ref_count (bool) (default: false)
  dot_proof_file (string) (default: proof.dot)
  dump_models (bool) (default: false)
  encoding (string) (default: unicode)
  model (bool) (default: true)
  model_validate (bool) (default: false)
  proof (bool) (default: false)
  rlimit (unsigned int) (default: 0)
  smtlib2_compliant (bool) (default: false)
  stats (bool) (default: false)
  timeout (unsigned int) (default: 4294967295)
  trace (bool) (default: false)
  trace_file_name (string) (default: z3.log)
  type_check (bool) (default: true)
  unsat_core (bool) (default: false)
  well_sorted_check (bool) (default: false)
WARNING: unknown parameter 'random_seed'
Legal parameters are:
  auto_config (bool) (default: true)
  ctrl_c (bool) (default: true)
  debug_ref_count (bool) (default: false)
  dot_proof_file (string) (default: proof.dot)
  dump_models (bool) (default: false)
  encoding (string) (default: unicode)
  model (bool) (default: true)
  model_validate (bool) (default: false)
  proof (bool) (default: false)
  rlimit (unsigned int) (default: 0)
  smtlib2_compliant (bool) (default: false)
  stats (bool) (default: false)
  timeout (unsigned int) (default: 4294967295)
  trace (bool) (default: false)
  trace_file_name (string) (default: z3.log)
  type_check (bool) (default: true)
  unsat_core (bool) (default: false)
  well_sorted_check (bool) (default: false)
WARNING: unknown parameter 'random_seed'
Legal parameters are:
  auto_config (bool) (default: true)
  ctrl_c (bool) (default: true)
  debug_ref_count (bool) (default: false)
[...]
Legal parameters are:
  auto_config (bool) (default: true)
  ctrl_c (bool) (default: true)
  debug_ref_count (bool) (default: false)
  dot_proof_file (string) (default: proof.dot)
  dump_models (bool) (default: false)
  encoding (string) (default: unicode)
  model (bool) (default: true)
  model_validate (bool) (default: false)
  proof (bool) (default: false)
  rlimit (unsigned int) (default: 0)
  smtlib2_compliant (bool) (default: false)
  stats (bool) (default: false)
  timeout (unsigned int) (default: 4294967295)
  trace (bool) (default: false)
  trace_file_name (string) (default: z3.log)
  type_check (bool) (default: true)
  unsat_core (bool) (default: false)
  well_sorted_check (bool) (default: false)
WARNING: unknown parameter 'random_seed'
Legal parameters are:
  auto_config (bool) (default: true)
  ctrl_c (bool) (default: true)
  debug_ref_count (bool) (default: false)
  dot_proof_file (string) (default: proof.dot)
  dump_models (bool) (default: false)
  encoding (string) (default: unicode)
  model (bool) (default: true)
  model_validate (bool) (default: false)
  proof (bool) (default: false)
  rlimit (unsigned int) (default: 0)
  smtlib2_compliant (bool) (default: false)
  stats (bool) (default: false)
  timeout (unsigned int) (default: 4294967295)
  trace (bool) (default: false)
  trace_file_name (string) (default: z3.log)
  type_check (bool) (default: true)
  unsat_core (bool) (default: false)
  well_sorted_check (bool) (default: false)
Calor0425-corpus site FluentValidation/FluentValidation/Validators/InclusiveBetweenValidator.cs(23,7): Override 'InclusiveBetweenValidator.HasError' overrides a member of external base class 'RangeValidator', which is not visible in this module, so the base method's effect row is Unknown. The override's declared row [pure] is assumed to fit here, not verified.
WARNING: unknown parameter 'random_seed'
Legal parameters are:
  auto_config (bool) (default: true)
  ctrl_c (bool) (default: true)
  debug_ref_count (bool) (default: false)
  dot_proof_file (string) (default: proof.dot)
  dump_models (bool) (default: false)
  encoding (string) (default: unicode)
  model (bool) (default: true)
  model_validate (bool) (default: false)
  proof (bool) (default: false)
  rlimit (unsigned int) (default: 0)
  smtlib2_compliant (bool) (default: false)
  stats (bool) (default: false)
  timeout (unsigned int) (default: 4294967295)
  trace (bool) (default: false)
  trace_file_name (string) (default: z3.log)
  type_check (bool) (default: true)
  unsat_core (bool) (default: false)
  well_sorted_check (bool) (default: false)
Calor0425-corpus site FluentValidation/FluentValidation/Validators/LengthValidator.cs(37,7): Override 'LengthValidator.IsValid' overrides a member of external base class 'PropertyValidator', which is not visible in this module, so the base method's effect row is Unknown. The override's declared row [pure] is assumed to fit here, not verified.
Calor0425-corpus site FluentValidation/FluentValidation/Validators/LengthValidator.cs(53,7): Override 'LengthValidator.GetDefaultMessageTemplate' overrides a member of external base class 'PropertyValidator', which is not visible in this module, so the base method's effect row is Unknown. The override's declared row [pure] is assumed to fit here, not verified.
Calor0425-corpus site FluentValidation/FluentValidation/Validators/LengthValidator.cs(34,25): 'MaxFunc' is function-typed with no effect row, so its effects are Unknown. Add §E{…} on the same line as the type to state what callers may pass, or compile with --permissive-effects. Invoking a value whose row is Unknown charges Unknown to 'LengthValidator..ctor'.
Calor0425-corpus site FluentValidation/FluentValidation/Validators/LengthValidator.cs(35,25): 'MinFunc' is function-typed with no effect row, so its effects are Unknown. Add §E{…} on the same line as the type to state what callers may pass, or compile with --permissive-effects. Invoking a value whose row is Unknown charges Unknown to 'LengthValidator..ctor'.
WARNING: unknown parameter 'random_seed'
Legal parameters are:
  auto_config (bool) (default: true)
  ctrl_c (bool) (default: true)
  debug_ref_count (bool) (default: false)
  dot_proof_file (string) (default: proof.dot)
  dump_models (bool) (default: false)
  encoding (string) (default: unicode)
  model (bool) (default: true)
  model_validate (bool) (default: false)
  proof (bool) (default: false)
  rlimit (unsigned int) (default: 0)
  smtlib2_compliant (bool) (default: false)
  stats (bool) (default: false)
  timeout (unsigned int) (default: 4294967295)
  trace (bool) (default: false)
  trace_file_name (string) (default: z3.log)
  type_check (bool) (default: true)
  unsat_core (bool) (default: false)
  well_sorted_check (bool) (default: false)
Calor0425-corpus site FluentValidation/FluentValidation/Validators/LessThanOrEqualValidator.cs(39,7): Override 'LessThanOrEqualValidator.IsValid' overrides a member of external base class 'AbstractComparisonValidator', which is not visible in this module, so the base method's effect row is Unknown. The override's declared row [pure] is assumed to fit here, not verified.
Calor0425-corpus site FluentValidation/FluentValidation/Validators/LessThanOrEqualValidator.cs(44,7): Override 'LessThanOrEqualValidator.GetDefaultMessageTemplate' overrides a member of external base class 'AbstractComparisonValidator', which is not visible in this module, so the base method's effect row is Unknown. The override's declared row [pure] is assumed to fit here, not verified.
WARNING: unknown parameter 'random_seed'
Legal parameters are:
  auto_config (bool) (default: true)
  ctrl_c (bool) (default: true)
  debug_ref_count (bool) (default: false)
  dot_proof_file (string) (default: proof.dot)
  dump_models (bool) (default: false)
  encoding (string) (default: unicode)
  model (bool) (default: true)
  model_validate (bool) (default: false)
  proof (bool) (default: false)
  rlimit (unsigned int) (default: 0)
  smtlib2_compliant (bool) (default: false)
  stats (bool) (default: false)
  timeout (unsigned int) (default: 4294967295)
  trace (bool) (default: false)
  trace_file_name (string) (default: z3.log)
  type_check (bool) (default: true)
  unsat_core (bool) (default: false)
  well_sorted_check (bool) (default: false)
Calor0425-corpus site FluentValidation/FluentValidation/Validators/LessThanValidator.cs(36,7): Override 'LessThanValidator.IsValid' overrides a member of external base class 'AbstractComparisonValidator', which is not visible in this module, so the base method's effect row is Unknown. The override's declared row [pure] is assumed to fit here, not verified.
Calor0425-corpus site FluentValidation/FluentValidation/Validators/LessThanValidator.cs(41,7): Override 'LessThanValidator.GetDefaultMessageTemplate' overrides a member of external base class 'AbstractComparisonValidator', which is not visible in this module, so the base method's effect row is Unknown. The override's declared row [pure] is assumed to fit here, not verified.
WARNING: unknown parameter 'random_seed'
Legal parameters are:
  auto_config (bool) (default: true)
  ctrl_c (bool) (default: true)
  debug_ref_count (bool) (default: false)
  dot_proof_file (string) (default: proof.dot)
  dump_models (bool) (default: false)
  encoding (string) (default: unicode)
  model (bool) (default: true)
  model_validate (bool) (default: false)
  proof (bool) (default: false)
  rlimit (unsigned int) (default: 0)
  smtlib2_compliant (bool) (default: false)
  stats (bool) (default: false)
  timeout (unsigned int) (default: 4294967295)
  trace (bool) (default: false)
  trace_file_name (string) (default: z3.log)
  type_check (bool) (default: true)
  unsat_core (bool) (default: false)
  well_sorted_check (bool) (default: false)
Calor0425-corpus site FluentValidation/FluentValidation/Validators/NoopPropertyValidator.cs(6,7): Override 'NoopPropertyValidator.IsValid' overrides a member of external base class 'PropertyValidator', which is not visible in this module, so the base method's effect row is Unknown. The override's declared row [pure] is assumed to fit here, not verified.
WARNING: unknown parameter 'random_seed'
Legal parameters are:
  auto_config (bool) (default: true)
  ctrl_c (bool) (default: true)
  debug_ref_count (bool) (default: false)
  dot_proof_file (string) (default: proof.dot)
  dump_models (bool) (default: false)
  encoding (string) (default: unicode)
  model (bool) (default: true)
  model_validate (bool) (default: false)
  proof (bool) (default: false)
  rlimit (unsigned int) (default: 0)
  smtlib2_compliant (bool) (default: false)
  stats (bool) (default: false)
  timeout (unsigned int) (default: 4294967295)
  trace (bool) (default: false)
  trace_file_name (string) (default: z3.log)
  type_check (bool) (default: true)
  unsat_core (bool) (default: false)
  well_sorted_check (bool) (default: false)
Calor0425-corpus site FluentValidation/FluentValidation/Validators/NotEmptyValidator.cs(17,7): Override 'NotEmptyValidator.IsValid' overrides a member of external base class 'PropertyValidator', which is not visible in this module, so the base method's effect row is Unknown. The override's declared row [pure] is assumed to fit here, not verified.
Calor0425-corpus site FluentValidation/FluentValidation/Validators/NotEmptyValidator.cs(29,7): Override 'NotEmptyValidator.GetDefaultMessageTemplate' overrides a member of external base class 'PropertyValidator', which is not visible in this module, so the base method's effect row is Unknown. The override's declared row [pure] is assumed to fit here, not verified.
WARNING: unknown parameter 'random_seed'
Legal parameters are:
  auto_config (bool) (default: true)
  ctrl_c (bool) (default: true)
  debug_ref_count (bool) (default: false)
  dot_proof_file (string) (default: proof.dot)
  dump_models (bool) (default: false)
  encoding (string) (default: unicode)
  model (bool) (default: true)
  model_validate (bool) (default: false)
  proof (bool) (default: false)
  rlimit (unsigned int) (default: 0)
  smtlib2_compliant (bool) (default: false)
  stats (bool) (default: false)
  timeout (unsigned int) (default: 4294967295)
  trace (bool) (default: false)
  trace_file_name (string) (default: z3.log)
  type_check (bool) (default: true)
  unsat_core (bool) (default: false)
  well_sorted_check (bool) (default: false)
Calor0425-corpus site FluentValidation/FluentValidation/Validators/NotNullValidator.cs(13,7): Override 'NotNullValidator.IsValid' overrides a member of external base class 'PropertyValidator', which is not visible in this module, so the base method's effect row is Unknown. The override's declared row [pure] is assumed to fit here, not verified.
Calor0425-corpus site FluentValidation/FluentValidation/Validators/NotNullValidator.cs(16,7): Override 'NotNullValidator.GetDefaultMessageTemplate' overrides a member of external base class 'PropertyValidator', which is not visible in this module, so the base method's effect row is Unknown. The override's declared row [pure] is assumed to fit here, not verified.
WARNING: unknown parameter 'random_seed'
Legal parameters are:
  auto_config (bool) (default: true)
  ctrl_c (bool) (default: true)
  debug_ref_count (bool) (default: false)
  dot_proof_file (string) (default: proof.dot)
  dump_models (bool) (default: false)
  encoding (string) (default: unicode)
  model (bool) (default: true)
  model_validate (bool) (default: false)
  proof (bool) (default: false)
  rlimit (unsigned int) (default: 0)
  smtlib2_compliant (bool) (default: false)
  stats (bool) (default: false)
  timeout (unsigned int) (default: 4294967295)
  trace (bool) (default: false)
  trace_file_name (string) (default: z3.log)
  type_check (bool) (default: true)
  unsat_core (bool) (default: false)
  well_sorted_check (bool) (default: false)
Calor0425-corpus site FluentValidation/FluentValidation/Validators/NullValidator.cs(13,7): Override 'NullValidator.IsValid' overrides a member of external base class 'PropertyValidator', which is not visible in this module, so the base method's effect row is Unknown. The override's declared row [pure] is assumed to fit here, not verified.
Calor0425-corpus site FluentValidation/FluentValidation/Validators/NullValidator.cs(16,7): Override 'NullValidator.GetDefaultMessageTemplate' overrides a member of external base class 'PropertyValidator', which is not visible in this module, so the base method's effect row is Unknown. The override's declared row [pure] is assumed to fit here, not verified.
WARNING: unknown parameter 'random_seed'
Legal parameters are:
  auto_config (bool) (default: true)
  ctrl_c (bool) (default: true)
  debug_ref_count (bool) (default: false)
  dot_proof_file (string) (default: proof.dot)
  dump_models (bool) (default: false)
  encoding (string) (default: unicode)
  model (bool) (default: true)
  model_validate (bool) (default: false)
  proof (bool) (default: false)
  rlimit (unsigned int) (default: 0)
  smtlib2_compliant (bool) (default: false)
  stats (bool) (default: false)
  timeout (unsigned int) (default: 4294967295)
  trace (bool) (default: false)
  trace_file_name (string) (default: z3.log)
  type_check (bool) (default: true)
  unsat_core (bool) (default: false)
  well_sorted_check (bool) (default: false)
Calor0425-corpus site FluentValidation/FluentValidation/Validators/PrecisionScaleValidator.cs(27,7): Override 'PrecisionScaleValidator.IsValid' overrides a member of external base class 'PropertyValidator', which is not visible in this module, so the base method's effect row is Unknown. The override's declared row [pure] is assumed to fit here, not verified.
Calor0425-corpus site FluentValidation/FluentValidation/Validators/PrecisionScaleValidator.cs(40,7): Override 'PrecisionScaleValidator.GetDefaultMessageTemplate' overrides a member of external base class 'PropertyValidator', which is not visible in this module, so the base method's effect row is Unknown. The override's declared row [pure] is assumed to fit here, not verified.
WARNING: unknown parameter 'random_seed'
Legal parameters are:
  auto_config (bool) (default: true)
  ctrl_c (bool) (default: true)
  debug_ref_count (bool) (default: false)
  dot_proof_file (string) (default: proof.dot)
  dump_models (bool) (default: false)
  encoding (string) (default: unicode)
  model (bool) (default: true)
  model_validate (bool) (default: false)
  proof (bool) (default: false)
  rlimit (unsigned int) (default: 0)
  smtlib2_compliant (bool) (default: false)
  stats (bool) (default: false)
  timeout (unsigned int) (default: 4294967295)
  trace (bool) (default: false)
  trace_file_name (string) (default: z3.log)
  type_check (bool) (default: true)
  unsat_core (bool) (default: false)
  well_sorted_check (bool) (default: false)
Calor0425-corpus site FluentValidation/FluentValidation/Validators/PredicateValidator.cs(22,30): Invocation of '_predicate' in 'IsValid' cannot be charged: its effect row is Unknown (field '_predicate' of 'PredicateValidator' (type 'Func&lt;T,TProperty,ValidationContext&lt;T&gt;,bool&gt;') carries no effect row). Add §E{…} on the same line as the type to state what '_predicate' may do, or compile with --permissive-effects. 'IsValid' is charged Unknown.
Calor0425-corpus site FluentValidation/FluentValidation/Validators/PredicateValidator.cs(21,7): Override 'PredicateValidator.IsValid' overrides a member of external base class 'PropertyValidator', which is not visible in this module, so the base method's effect row is Unknown. The override's declared row [pure] is assumed to fit here, not verified.
Calor0425-corpus site FluentValidation/FluentValidation/Validators/PredicateValidator.cs(27,7): Override 'PredicateValidator.GetDefaultMessageTemplate' overrides a member of external base class 'PropertyValidator', which is not visible in this module, so the base method's effect row is Unknown. The override's declared row [pure] is assumed to fit here, not verified.
Calor0425-corpus site FluentValidation/FluentValidation/Validators/PredicateValidator.cs(19,28): '_predicate' is function-typed with no effect row, so its effects are Unknown. Add §E{…} on the same line as the type to state what callers may pass, or compile with --permissive-effects. Invoking a value whose row is Unknown charges Unknown to 'PredicateValidator..ctor'.
WARNING: unknown parameter 'random_seed'
Legal parameters are:
  auto_config (bool) (default: true)
  ctrl_c (bool) (default: true)
  debug_ref_count (bool) (default: false)
  dot_proof_file (string) (default: proof.dot)
  dump_models (bool) (default: false)
  encoding (string) (default: unicode)
  model (bool) (default: true)
  model_validate (bool) (default: false)
  proof (bool) (default: false)
  rlimit (unsigned int) (default: 0)
  smtlib2_compliant (bool) (default: false)
  stats (bool) (default: false)
  timeout (unsigned int) (default: 4294967295)
  trace (bool) (default: false)
  trace_file_name (string) (default: z3.log)
  type_check (bool) (default: true)
  unsat_core (bool) (default: false)
  well_sorted_check (bool) (default: false)
WARNING: unknown parameter 'random_seed'
Legal parameters are:
  auto_config (bool) (default: true)
  ctrl_c (bool) (default: true)
  debug_ref_count (bool) (default: false)
  dot_proof_file (string) (default: proof.dot)
  dump_models (bool) (default: false)
  encoding (string) (default: unicode)
  model (bool) (default: true)
  model_validate (bool) (default: false)
  proof (bool) (default: false)
  rlimit (unsigned int) (default: 0)
  smtlib2_compliant (bool) (default: false)
  stats (bool) (default: false)
  timeout (unsigned int) (default: 4294967295)
  trace (bool) (default: false)
  trace_file_name (string) (default: z3.log)
  type_check (bool) (default: true)
  unsat_core (bool) (default: false)
  well_sorted_check (bool) (default: false)
Calor0425-corpus site FluentValidation/FluentValidation/Validators/StringEnumValidator.cs(23,7): Override 'StringEnumValidator.IsValid' overrides a member of external base class 'PropertyValidator', which is not visible in this module, so the base method's effect row is Unknown. The override's declared row [pure] is assumed to fit here, not verified.
Calor0425-corpus site FluentValidation/FluentValidation/Validators/StringEnumValidator.cs(36,7): Override 'StringEnumValidator.GetDefaultMessageTemplate' overrides a member of external base class 'PropertyValidator', which is not visible in this module, so the base method's effect row is Unknown. The override's declared row [pure] is assumed to fit here, not verified.
Calor0425-corpus MediatR: 3 across 3 of 34 enforced modules (rowless 0, unknown-source 0, assumed 0, external-base 0, invocation rowless 3 / undetermined 0 / assumed 0; of the rowless, invoked 0 / never invoked 0; invocation witness 3; excluded 2 = convert 0 / parse 0 / propagated-bind 2 / faulted 0; raw-bag rule would have enforced 28 and excluded 8 at bind)
Calor0425-corpus serilog: 43 across 16 of 99 enforced modules (rowless 1, unknown-source 0, assumed 0, external-base 24, invocation rowless 18 / undetermined 0 / assumed 0; of the rowless, invoked 1 / never invoked 0; invocation witness 18; excluded 13 = convert 0 / parse 0 / propagated-bind 13 / faulted 0; raw-bag rule would have enforced 51 and excluded 61 at bind)
Calor0425-corpus FluentValidation: 71 across 28 of 194 enforced modules (rowless 12, unknown-source 0, assumed 0, external-base 41, invocation rowless 18 / undetermined 0 / assumed 0; of the rowless, invoked 12 / never invoked 0; invocation witness 18; excluded 22 = convert 0 / parse 0 / propagated-bind 22 / faulted 0; raw-bag rule would have enforced 31 and excluded 185 at bind)
Calor0425-corpus aggregate: 117 across 47 of 327 (raw-bag rule: 110 enforced; parse-failed 0; propagated bind-failed 37; faulted 0; UnknownSource+InvocationUndetermined 0)
[xUnit.net 00:01:00.28]   Finished:    Calor.Compiler.Tests
</StdOut>
    </Output>
  </ResultSummary>
</TestRun>